<?xml version="1.0" encoding="UTF-8" ?>
<testsuite tests="2" failures="0" name="lds.graph.GraphManagerTest" time="1,494.904" errors="1" skipped="0">
  <properties>
[...]
</properties>
  <testcase classname="lds.graph.GraphManagerTest" name="constructGraphOfOneLevelFromDBpediaAndRunLdsdOnItTest" time="1,494.469">
    <error message="Unexpected error making the query: java.net.SocketTimeoutException: Read timed out" type="HttpException">HttpException: -1 Unexpected error making the query: java.net.SocketTimeoutException: Read timed out
	at org.apache.jena.sparql.engine.http.HttpQuery.rewrap(HttpQuery.java:374)
	at org.apache.jena.sparql.engine.http.HttpQuery.execGet(HttpQuery.java:337)
	at org.apache.jena.sparql.engine.http.HttpQuery.exec(HttpQuery.java:288)
	at org.apache.jena.sparql.engine.http.QueryEngineHTTP.execResultSetInner(QueryEngineHTTP.java:348)
	at org.apache.jena.sparql.engine.http.QueryEngineHTTP.execSelect(QueryEngineHTTP.java:340)
	at sc.research.ldq.RemoteSparqlLdDataset.executeSelectQuery(RemoteSparqlLdDataset.java:19)
	at lds.graph.LdGraphManager.addIngoingResourcesFromDataset(LdGraphManager.java:152)
	at lds.graph.LdGraphManager.addIngoingResourcesFromDataset(LdGraphManager.java:190)
	at lds.graph.LdGraphManager.getInOutResources(LdGraphManager.java:110)
	at lds.graph.GraphManagerTest.constructGraphOfOneLevelFromDBpediaAndRunLdsdOnItTest(GraphManagerTest.java:76)
	at java.base/jdk.internal.reflect.NativeMethodAccessorImpl.invoke0(Native Method)
	at java.base/jdk.internal.reflect.NativeMethodAccessorImpl.invoke(NativeMethodAccessorImpl.java:62)
	at java.base/jdk.internal.reflect.DelegatingMethodAccessorImpl.invoke(DelegatingMethodAccessorImpl.java:43)
	at java.base/java.lang.reflect.Method.invoke(Method.java:566)
	at org.junit.runners.model.FrameworkMethod$1.runReflectiveCall(FrameworkMethod.java:50)
	at org.junit.internal.runners.model.ReflectiveCallable.run(ReflectiveCallable.java:12)
	at org.junit.runners.model.FrameworkMethod.invokeExplosively(FrameworkMethod.java:47)
	at org.junit.internal.runners.statements.InvokeMethod.evaluate(InvokeMethod.java:17)
	at org.junit.runners.ParentRunner.runLeaf(ParentRunner.java:325)
	at org.junit.runners.BlockJUnit4ClassRunner.runChild(BlockJUnit4ClassRunner.java:78)
	at org.junit.runners.BlockJUnit4ClassRunner.runChild(BlockJUnit4ClassRunner.java:57)
	at org.junit.runners.ParentRunner$3.run(ParentRunner.java:290)
	at org.junit.runners.ParentRunner$1.schedule(ParentRunner.java:71)
	at org.junit.runners.ParentRunner.runChildren(ParentRunner.java:288)
	at org.junit.runners.ParentRunner.access$000(ParentRunner.java:58)
	at org.junit.runners.ParentRunner$2.evaluate(ParentRunner.java:268)
	at org.junit.runners.ParentRunner.run(ParentRunner.java:363)
	at org.apache.maven.surefire.junit4.JUnit4Provider.execute(JUnit4Provider.java:252)
	at org.apache.maven.surefire.junit4.JUnit4Provider.executeTestSet(JUnit4Provider.java:141)
	at org.apache.maven.surefire.junit4.JUnit4Provider.invoke(JUnit4Provider.java:112)
	at java.base/jdk.internal.reflect.NativeMethodAccessorImpl.invoke0(Native Method)
	at java.base/jdk.internal.reflect.NativeMethodAccessorImpl.invoke(NativeMethodAccessorImpl.java:62)
	at java.base/jdk.internal.reflect.DelegatingMethodAccessorImpl.invoke(DelegatingMethodAccessorImpl.java:43)
	at java.base/java.lang.reflect.Method.invoke(Method.java:566)
	at org.apache.maven.surefire.util.ReflectionUtils.invokeMethodWithArray(ReflectionUtils.java:189)
	at org.apache.maven.surefire.booter.ProviderFactory$ProviderProxy.invoke(ProviderFactory.java:165)
	at org.apache.maven.surefire.booter.ProviderFactory.invokeProvider(ProviderFactory.java:85)
	at org.apache.maven.surefire.booter.ForkedBooter.runSuitesInProcess(ForkedBooter.java:115)
	at org.apache.maven.surefire.booter.ForkedBooter.main(ForkedBooter.java:75)
Caused by: java.net.SocketTimeoutException: Read timed out
	at java.base/java.net.SocketInputStream.socketRead0(Native Method)
	at java.base/java.net.SocketInputStream.socketRead(SocketInputStream.java:115)
	at java.base/java.net.SocketInputStream.read(SocketInputStream.java:168)
	at java.base/java.net.SocketInputStream.read(SocketInputStream.java:140)
	at org.apache.http.impl.io.SessionInputBufferImpl.streamRead(SessionInputBufferImpl.java:137)
	at org.apache.http.impl.io.SessionInputBufferImpl.fillBuffer(SessionInputBufferImpl.java:153)
	at org.apache.http.impl.io.SessionInputBufferImpl.readLine(SessionInputBufferImpl.java:282)
	at org.apache.http.impl.conn.DefaultHttpResponseParser.parseHead(DefaultHttpResponseParser.java:138)
	at org.apache.http.impl.conn.DefaultHttpResponseParser.parseHead(DefaultHttpResponseParser.java:56)
	at org.apache.http.impl.io.AbstractMessageParser.parse(AbstractMessageParser.java:259)
	at org.apache.http.impl.DefaultBHttpClientConnection.receiveResponseHeader(DefaultBHttpClientConnection.java:163)
	at org.apache.http.impl.conn.CPoolProxy.receiveResponseHeader(CPoolProxy.java:165)
	at org.apache.http.protocol.HttpRequestExecutor.doReceiveResponse(HttpRequestExecutor.java:273)
	at org.apache.http.protocol.HttpRequestExecutor.execute(HttpRequestExecutor.java:125)
	at org.apache.http.impl.execchain.MainClientExec.execute(MainClientExec.java:272)
	at org.apache.http.impl.execchain.ProtocolExec.execute(ProtocolExec.java:185)
	at org.apache.http.impl.execchain.RetryExec.execute(RetryExec.java:89)
	at org.apache.http.impl.execchain.RedirectExec.execute(RedirectExec.java:111)
	at org.apache.http.impl.client.InternalHttpClient.doExecute(InternalHttpClient.java:185)
	at org.apache.http.impl.client.CloseableHttpClient.execute(CloseableHttpClient.java:83)
	at org.apache.http.impl.client.CloseableHttpClient.execute(CloseableHttpClient.java:56)
	at org.apache.jena.riot.web.HttpOp.exec(HttpOp.java:1081)
	at org.apache.jena.riot.web.HttpOp.execHttpGet(HttpOp.java:308)
	at org.apache.jena.riot.web.HttpOp.execHttpGet(HttpOp.java:367)
	at org.apache.jena.sparql.engine.http.HttpQuery.execGet(HttpQuery.java:326)
	... 37 more
</error>
    <system-out>Start Timer
select distinct ?subject ?property 
where 
 { GRAPH &lt;http://dbpedia.org&gt;{?subject ?property &lt;http://dbpedia.org/resource/Paris&gt;.
}}
select distinct ?subject ?property 
where 
 { GRAPH &lt;http://dbpedia.org&gt;{?subject ?property &lt;http://dbpedia.org/resource/Parris,_Texas&gt;.
}}
select distinct ?subject ?property 
where 
 { GRAPH &lt;http://dbpedia.org&gt;{?subject ?property &lt;http://dbpedia.org/resource/American_Cathedral_in_Paris&gt;.
}}
select distinct ?subject ?property 
where 
 { GRAPH &lt;http://dbpedia.org&gt;{?subject ?property &lt;http://dbpedia.org/resource/Sainte-Trinité,_Paris&gt;.
}}
select distinct ?subject ?property 
where 
 { GRAPH &lt;http://dbpedia.org&gt;{?subject ?property &lt;http://dbpedia.org/resource/List_of_stations_of_the_Paris_Métro&gt;.
}}
select distinct ?subject ?property 
where 
 { GRAPH &lt;http://dbpedia.org&gt;{?subject ?property &lt;http://dbpedia.org/resource/Terrorism_in_France&gt;.
}}
select distinct ?subject ?property 
where 
 { GRAPH &lt;http://dbpedia.org&gt;{?subject ?property &lt;http://dbpedia.org/resource/Culture_of_Paris&gt;.
}}
select distinct ?subject ?property 
where 
 { GRAPH &lt;http://dbpedia.org&gt;{?subject ?property &lt;http://dbpedia.org/resource/Music_in_Paris&gt;.
}}
select distinct ?subject ?property 
where 
 { GRAPH &lt;http://dbpedia.org&gt;{?subject ?property &lt;http://dbpedia.org/resource/Timeline_of_Paris&gt;.
}}
select distinct ?subject ?property 
where 
 { GRAPH &lt;http://dbpedia.org&gt;{?subject ?property &lt;http://dbpedia.org/resource/Overseas_Vietnamese&gt;.
}}
select distinct ?subject ?property 
where 
 { GRAPH &lt;http://dbpedia.org&gt;{?subject ?property &lt;http://dbpedia.org/resource/Tourism_in_France&gt;.
}}
select distinct ?subject ?property 
where 
 { GRAPH &lt;http://dbpedia.org&gt;{?subject ?property &lt;http://dbpedia.org/resource/List_of_tourist_attractions_in_Paris&gt;.
}}
select distinct ?subject ?property 
where 
 { GRAPH &lt;http://dbpedia.org&gt;{?subject ?property &lt;http://dbpedia.org/resource/Adrien-Marie_Legendre&gt;.
}}
select distinct ?subject ?property 
where 
 { GRAPH &lt;http://dbpedia.org&gt;{?subject ?property &lt;http://dbpedia.org/resource/André_Breton&gt;.
}}
select distinct ?subject ?property 
where 
 { GRAPH &lt;http://dbpedia.org&gt;{?subject ?property &lt;http://dbpedia.org/resource/Anselme_Payen&gt;.
}}
select distinct ?subject ?property 
where 
 { GRAPH &lt;http://dbpedia.org&gt;{?subject ?property &lt;http://dbpedia.org/resource/Charles_Maurice_de_Talleyrand-Périgord&gt;.
}}
select distinct ?subject ?property 
where 
 { GRAPH &lt;http://dbpedia.org&gt;{?subject ?property &lt;http://dbpedia.org/resource/Christiaan_Hendrik_Persoon&gt;.
}}
select distinct ?subject ?property 
where 
 { GRAPH &lt;http://dbpedia.org&gt;{?subject ?property &lt;http://dbpedia.org/resource/Edmond_Rostand&gt;.
}}
select distinct ?subject ?property 
where 
 { GRAPH &lt;http://dbpedia.org&gt;{?subject ?property &lt;http://dbpedia.org/resource/François_Arago&gt;.
}}
select distinct ?subject ?property 
where 
 { GRAPH &lt;http://dbpedia.org&gt;{?subject ?property &lt;http://dbpedia.org/resource/François_Boucher&gt;.
}}
select distinct ?subject ?property 
where 
 { GRAPH &lt;http://dbpedia.org&gt;{?subject ?property &lt;http://dbpedia.org/resource/François_Mitterrand&gt;.
}}
select distinct ?subject ?property 
where 
 { GRAPH &lt;http://dbpedia.org&gt;{?subject ?property &lt;http://dbpedia.org/resource/Gabriel_Lamé&gt;.
}}
select distinct ?subject ?property 
where 
 { GRAPH &lt;http://dbpedia.org&gt;{?subject ?property &lt;http://dbpedia.org/resource/Georg_Forster&gt;.
}}
select distinct ?subject ?property 
where 
 { GRAPH &lt;http://dbpedia.org&gt;{?subject ?property &lt;http://dbpedia.org/resource/Georges-Eugène_Haussmann&gt;.
}}
select distinct ?subject ?property 
where 
 { GRAPH &lt;http://dbpedia.org&gt;{?subject ?property &lt;http://dbpedia.org/resource/Hector_Berlioz&gt;.
}}
select distinct ?subject ?property 
where 
 { GRAPH &lt;http://dbpedia.org&gt;{?subject ?property &lt;http://dbpedia.org/resource/Henri_Lebesgue&gt;.
}}
select distinct ?subject ?property 
where 
 { GRAPH &lt;http://dbpedia.org&gt;{?subject ?property &lt;http://dbpedia.org/resource/Henri_Poincaré&gt;.
}}
select distinct ?subject ?property 
where 
 { GRAPH &lt;http://dbpedia.org&gt;{?subject ?property &lt;http://dbpedia.org/resource/Honoré_de_Balzac&gt;.
}}
select distinct ?subject ?property 
where 
 { GRAPH &lt;http://dbpedia.org&gt;{?subject ?property &lt;http://dbpedia.org/resource/Jacques_Derrida&gt;.
}}
select distinct ?subject ?property 
where 
 { GRAPH &lt;http://dbpedia.org&gt;{?subject ?property &lt;http://dbpedia.org/resource/Jacques_Vergès&gt;.
}}
select distinct ?subject ?property 
where 
 { GRAPH &lt;http://dbpedia.org&gt;{?subject ?property &lt;http://dbpedia.org/resource/Jean-Auguste-Dominique_Ingres&gt;.
}}
select distinct ?subject ?property 
where 
 { GRAPH &lt;http://dbpedia.org&gt;{?subject ?property &lt;http://dbpedia.org/resource/Jean-Baptiste_Say&gt;.
}}
select distinct ?subject ?property 
where 
 { GRAPH &lt;http://dbpedia.org&gt;{?subject ?property &lt;http://dbpedia.org/resource/Jean-Charles_de_Borda&gt;.
}}
select distinct ?subject ?property 
where 
 { GRAPH &lt;http://dbpedia.org&gt;{?subject ?property &lt;http://dbpedia.org/resource/Jean-François_Champollion&gt;.
}}
select distinct ?subject ?property 
where 
 { GRAPH &lt;http://dbpedia.org&gt;{?subject ?property &lt;http://dbpedia.org/resource/Jean_Claude_Eugène_Péclet&gt;.
}}
select distinct ?subject ?property 
where 
 { GRAPH &lt;http://dbpedia.org&gt;{?subject ?property &lt;http://dbpedia.org/resource/Jean_le_Rond_d&apos;Alembert&gt;.
}}
select distinct ?subject ?property 
where 
 { GRAPH &lt;http://dbpedia.org&gt;{?subject ?property &lt;http://dbpedia.org/resource/Jodocus_Badius&gt;.
}}
select distinct ?subject ?property 
where 
 { GRAPH &lt;http://dbpedia.org&gt;{?subject ?property &lt;http://dbpedia.org/resource/Joseph_Louis_Gay-Lussac&gt;.
}}
select distinct ?subject ?property 
where 
 { GRAPH &lt;http://dbpedia.org&gt;{?subject ?property &lt;http://dbpedia.org/resource/Louis_Petit_de_Bachaumont&gt;.
}}
select distinct ?subject ?property 
where 
 { GRAPH &lt;http://dbpedia.org&gt;{?subject ?property &lt;http://dbpedia.org/resource/Louis_VII_of_France&gt;.
}}
select distinct ?subject ?property 
where 
 { GRAPH &lt;http://dbpedia.org&gt;{?subject ?property &lt;http://dbpedia.org/resource/Louis_XVI_of_France&gt;.
}}
select distinct ?subject ?property 
where 
 { GRAPH &lt;http://dbpedia.org&gt;{?subject ?property &lt;http://dbpedia.org/resource/Marie_Antoinette&gt;.
}}
select distinct ?subject ?property 
where 
 { GRAPH &lt;http://dbpedia.org&gt;{?subject ?property &lt;http://dbpedia.org/resource/Mata_Hari&gt;.
}}
select distinct ?subject ?property 
where 
 { GRAPH &lt;http://dbpedia.org&gt;{?subject ?property &lt;http://dbpedia.org/resource/Maurice_Ravel&gt;.
}}
select distinct ?subject ?property 
where 
 { GRAPH &lt;http://dbpedia.org&gt;{?subject ?property &lt;http://dbpedia.org/resource/Max_Ernst&gt;.
}}
select distinct ?subject ?property 
where 
 { GRAPH &lt;http://dbpedia.org&gt;{?subject ?property &lt;http://dbpedia.org/resource/Molière&gt;.
}}
select distinct ?subject ?property 
where 
 { GRAPH &lt;http://dbpedia.org&gt;{?subject ?property &lt;http://dbpedia.org/resource/Ossip_Zadkine&gt;.
}}
select distinct ?subject ?property 
where 
 { GRAPH &lt;http://dbpedia.org&gt;{?subject ?property &lt;http://dbpedia.org/resource/Prosper_Ménière&gt;.
}}
select distinct ?subject ?property 
where 
 { GRAPH &lt;http://dbpedia.org&gt;{?subject ?property &lt;http://dbpedia.org/resource/Raymond_Queneau&gt;.
}}
select distinct ?subject ?property 
where 
 { GRAPH &lt;http://dbpedia.org&gt;{?subject ?property &lt;http://dbpedia.org/resource/Richard_Wright_(author)&gt;.
}}
select distinct ?subject ?property 
where 
 { GRAPH &lt;http://dbpedia.org&gt;{?subject ?property &lt;http://dbpedia.org/resource/Sarah_Bernhardt&gt;.
}}
select distinct ?subject ?property 
where 
 { GRAPH &lt;http://dbpedia.org&gt;{?subject ?property &lt;http://dbpedia.org/resource/Siméon_Denis_Poisson&gt;.
}}
select distinct ?subject ?property 
where 
 { GRAPH &lt;http://dbpedia.org&gt;{?subject ?property &lt;http://dbpedia.org/resource/Sonja_Henie&gt;.
}}
select distinct ?subject ?property 
where 
 { GRAPH &lt;http://dbpedia.org&gt;{?subject ?property &lt;http://dbpedia.org/resource/Sébastien_Le_Prestre_de_Vauban&gt;.
}}
select distinct ?subject ?property 
where 
 { GRAPH &lt;http://dbpedia.org&gt;{?subject ?property &lt;http://dbpedia.org/resource/Tristan_Tzara&gt;.
}}
select distinct ?subject ?property 
where 
 { GRAPH &lt;http://dbpedia.org&gt;{?subject ?property &lt;http://dbpedia.org/resource/Victor_Hugo&gt;.
}}
select distinct ?subject ?property 
where 
 { GRAPH &lt;http://dbpedia.org&gt;{?subject ?property &lt;http://dbpedia.org/resource/Victor_of_Aveyron&gt;.
}}
select distinct ?subject ?property 
where 
 { GRAPH &lt;http://dbpedia.org&gt;{?subject ?property &lt;http://dbpedia.org/resource/Vladimir_Arnold&gt;.
}}
select distinct ?subject ?property 
where 
 { GRAPH &lt;http://dbpedia.org&gt;{?subject ?property &lt;http://dbpedia.org/resource/Voltaire&gt;.
}}
select distinct ?subject ?property 
where 
 { GRAPH &lt;http://dbpedia.org&gt;{?subject ?property &lt;http://dbpedia.org/resource/Wallis_Simpson&gt;.
}}
select distinct ?subject ?property 
where 
 { GRAPH &lt;http://dbpedia.org&gt;{?subject ?property &lt;http://dbpedia.org/resource/Yevgeny_Zamyatin&gt;.
}}
select distinct ?subject ?property 
where 
 { GRAPH &lt;http://dbpedia.org&gt;{?subject ?property &lt;http://dbpedia.org/resource/?mile_Durkheim&gt;.
}}
select distinct ?subject ?property 
where 
 { GRAPH &lt;http://dbpedia.org&gt;{?subject ?property &lt;http://dbpedia.org/resource/?mile_Picard&gt;.
}}
select distinct ?subject ?property 
where 
 { GRAPH &lt;http://dbpedia.org&gt;{?subject ?property &lt;http://dbpedia.org/resource/?mile_Zola&gt;.
}}
select distinct ?subject ?property 
where 
 { GRAPH &lt;http://dbpedia.org&gt;{?subject ?property &lt;http://dbpedia.org/resource/Achille_Valenciennes&gt;.
}}
select distinct ?subject ?property 
where 
 { GRAPH &lt;http://dbpedia.org&gt;{?subject ?property &lt;http://dbpedia.org/resource/Claude_Lefort&gt;.
}}
select distinct ?subject ?property 
where 
 { GRAPH &lt;http://dbpedia.org&gt;{?subject ?property &lt;http://dbpedia.org/resource/Collin_d&apos;Harleville&gt;.
}}
select distinct ?subject ?property 
where 
 { GRAPH &lt;http://dbpedia.org&gt;{?subject ?property &lt;http://dbpedia.org/resource/Céline_Arnauld&gt;.
}}
select distinct ?subject ?property 
where 
 { GRAPH &lt;http://dbpedia.org&gt;{?subject ?property &lt;http://dbpedia.org/resource/Gilbert_Romme&gt;.
}}
select distinct ?subject ?property 
where 
 { GRAPH &lt;http://dbpedia.org&gt;{?subject ?property &lt;http://dbpedia.org/resource/Jacques_de_Reinach&gt;.
}}
select distinct ?subject ?property 
where 
 { GRAPH &lt;http://dbpedia.org&gt;{?subject ?property &lt;http://dbpedia.org/resource/Jean-Félix_Adolphe_Gambart&gt;.
}}
select distinct ?subject ?property 
where 
 { GRAPH &lt;http://dbpedia.org&gt;{?subject ?property &lt;http://dbpedia.org/resource/Jean_Baptiste_Bourguignon_d&apos;Anville&gt;.
}}
select distinct ?subject ?property 
where 
 { GRAPH &lt;http://dbpedia.org&gt;{?subject ?property &lt;http://dbpedia.org/resource/Joseph_Reinach&gt;.
}}
select distinct ?subject ?property 
where 
 { GRAPH &lt;http://dbpedia.org&gt;{?subject ?property &lt;http://dbpedia.org/resource/Louis,_Count_of_Clermont&gt;.
}}
select distinct ?subject ?property 
where 
 { GRAPH &lt;http://dbpedia.org&gt;{?subject ?property &lt;http://dbpedia.org/resource/Marco_Aurelio_Soto&gt;.
}}
select distinct ?subject ?property 
where 
 { GRAPH &lt;http://dbpedia.org&gt;{?subject ?property &lt;http://dbpedia.org/resource/Marie-Jean_Hérault_de_Séchelles&gt;.
}}
select distinct ?subject ?property 
where 
 { GRAPH &lt;http://dbpedia.org&gt;{?subject ?property &lt;http://dbpedia.org/resource/Paul_Collin&gt;.
}}
select distinct ?subject ?property 
where 
 { GRAPH &lt;http://dbpedia.org&gt;{?subject ?property &lt;http://dbpedia.org/resource/Pierre-Henri_de_Valenciennes&gt;.
}}
select distinct ?subject ?property 
where 
 { GRAPH &lt;http://dbpedia.org&gt;{?subject ?property &lt;http://dbpedia.org/resource/Pierre_Jean_François_Turpin&gt;.
}}
select distinct ?subject ?property 
where 
 { GRAPH &lt;http://dbpedia.org&gt;{?subject ?property &lt;http://dbpedia.org/resource/René_Vestri&gt;.
}}
select distinct ?subject ?property 
where 
 { GRAPH &lt;http://dbpedia.org&gt;{?subject ?property &lt;http://dbpedia.org/resource/Salomon_Munk&gt;.
}}
select distinct ?subject ?property 
where 
 { GRAPH &lt;http://dbpedia.org&gt;{?subject ?property &lt;http://dbpedia.org/resource/Salomon_Reinach&gt;.
}}
select distinct ?subject ?property 
where 
 { GRAPH &lt;http://dbpedia.org&gt;{?subject ?property &lt;http://dbpedia.org/resource/Théodore_Reinach&gt;.
}}
select distinct ?subject ?property 
where 
 { GRAPH &lt;http://dbpedia.org&gt;{?subject ?property &lt;http://dbpedia.org/resource/?d?n_von_Horv?th&gt;.
}}
select distinct ?subject ?property 
where 
 { GRAPH &lt;http://dbpedia.org&gt;{?subject ?property &lt;http://dbpedia.org/resource/Adhemar_de_Barros&gt;.
}}
select distinct ?subject ?property 
where 
 { GRAPH &lt;http://dbpedia.org&gt;{?subject ?property &lt;http://dbpedia.org/resource/Adrienne_Bolland&gt;.
}}
select distinct ?subject ?property 
where 
 { GRAPH &lt;http://dbpedia.org&gt;{?subject ?property &lt;http://dbpedia.org/resource/Adrienne_Lecouvreur&gt;.
}}
select distinct ?subject ?property 
where 
 { GRAPH &lt;http://dbpedia.org&gt;{?subject ?property &lt;http://dbpedia.org/resource/Adrienne_de_La_Fayette&gt;.
}}
select distinct ?subject ?property 
where 
 { GRAPH &lt;http://dbpedia.org&gt;{?subject ?property &lt;http://dbpedia.org/resource/Alain_Savary&gt;.
}}
select distinct ?subject ?property 
where 
 { GRAPH &lt;http://dbpedia.org&gt;{?subject ?property &lt;http://dbpedia.org/resource/Albert_Jacquard&gt;.
}}
select distinct ?subject ?property 
where 
 { GRAPH &lt;http://dbpedia.org&gt;{?subject ?property &lt;http://dbpedia.org/resource/Alexander_Stewart,_Duke_of_Albany&gt;.
}}
select distinct ?subject ?property 
where 
 { GRAPH &lt;http://dbpedia.org&gt;{?subject ?property &lt;http://dbpedia.org/resource/Alexandre-?tienne_Choron&gt;.
}}
select distinct ?subject ?property 
where 
 { GRAPH &lt;http://dbpedia.org&gt;{?subject ?property &lt;http://dbpedia.org/resource/Alexandre_Bennigsen&gt;.
}}
select distinct ?subject ?property 
where 
 { GRAPH &lt;http://dbpedia.org&gt;{?subject ?property &lt;http://dbpedia.org/resource/Alexandre_Renard&gt;.
}}
select distinct ?subject ?property 
where 
 { GRAPH &lt;http://dbpedia.org&gt;{?subject ?property &lt;http://dbpedia.org/resource/Alfred_Agache_(architect)&gt;.
}}
select distinct ?subject ?property 
where 
 { GRAPH &lt;http://dbpedia.org&gt;{?subject ?property &lt;http://dbpedia.org/resource/Amédée_Pichot&gt;.
}}
select distinct ?subject ?property 
where 
 { GRAPH &lt;http://dbpedia.org&gt;{?subject ?property &lt;http://dbpedia.org/resource/André-Philippe_Futa&gt;.
}}
select distinct ?subject ?property 
where 
 { GRAPH &lt;http://dbpedia.org&gt;{?subject ?property &lt;http://dbpedia.org/resource/André_Giroux_(painter)&gt;.
}}
select distinct ?subject ?property 
where 
 { GRAPH &lt;http://dbpedia.org&gt;{?subject ?property &lt;http://dbpedia.org/resource/André_Raison&gt;.
}}
select distinct ?subject ?property 
where 
 { GRAPH &lt;http://dbpedia.org&gt;{?subject ?property &lt;http://dbpedia.org/resource/Anicée_Alvina&gt;.
}}
select distinct ?subject ?property 
where 
 { GRAPH &lt;http://dbpedia.org&gt;{?subject ?property &lt;http://dbpedia.org/resource/Anne_Claude_de_Caylus&gt;.
}}
select distinct ?subject ?property 
where 
 { GRAPH &lt;http://dbpedia.org&gt;{?subject ?property &lt;http://dbpedia.org/resource/Anne_Jean_Marie_René_Savary&gt;.
}}
select distinct ?subject ?property 
where 
 { GRAPH &lt;http://dbpedia.org&gt;{?subject ?property &lt;http://dbpedia.org/resource/Antonio_Sacchini&gt;.
}}
select distinct ?subject ?property 
where 
 { GRAPH &lt;http://dbpedia.org&gt;{?subject ?property &lt;http://dbpedia.org/resource/Antonio_de_La_G?ndara&gt;.
}}
select distinct ?subject ?property 
where 
 { GRAPH &lt;http://dbpedia.org&gt;{?subject ?property &lt;http://dbpedia.org/resource/Armand-Pierre_Caussin_de_Perceval&gt;.
}}
select distinct ?subject ?property 
where 
 { GRAPH &lt;http://dbpedia.org&gt;{?subject ?property &lt;http://dbpedia.org/resource/Arthur_Morin&gt;.
}}
select distinct ?subject ?property 
where 
 { GRAPH &lt;http://dbpedia.org&gt;{?subject ?property &lt;http://dbpedia.org/resource/Bellamy_Storer_(1847–1922)&gt;.
}}
select distinct ?subject ?property 
where 
 { GRAPH &lt;http://dbpedia.org&gt;{?subject ?property &lt;http://dbpedia.org/resource/Brigitte_Engerer&gt;.
}}
select distinct ?subject ?property 
where 
 { GRAPH &lt;http://dbpedia.org&gt;{?subject ?property &lt;http://dbpedia.org/resource/Carl_Benedict_Hase&gt;.
}}
select distinct ?subject ?property 
where 
 { GRAPH &lt;http://dbpedia.org&gt;{?subject ?property &lt;http://dbpedia.org/resource/Catherine_Henriette_de_Balzac_d&apos;Entragues&gt;.
}}
select distinct ?subject ?property 
where 
 { GRAPH &lt;http://dbpedia.org&gt;{?subject ?property &lt;http://dbpedia.org/resource/Charles_Brun_(France)&gt;.
}}
select distinct ?subject ?property 
where 
 { GRAPH &lt;http://dbpedia.org&gt;{?subject ?property &lt;http://dbpedia.org/resource/Charles_Renard&gt;.
}}
select distinct ?subject ?property 
where 
 { GRAPH &lt;http://dbpedia.org&gt;{?subject ?property &lt;http://dbpedia.org/resource/Charles_Vere_Ferrers_Townshend&gt;.
}}
select distinct ?subject ?property 
where 
 { GRAPH &lt;http://dbpedia.org&gt;{?subject ?property &lt;http://dbpedia.org/resource/Christian_Metz_(critic)&gt;.
}}
select distinct ?subject ?property 
where 
 { GRAPH &lt;http://dbpedia.org&gt;{?subject ?property &lt;http://dbpedia.org/resource/Claude_Berri&gt;.
}}
select distinct ?subject ?property 
where 
 { GRAPH &lt;http://dbpedia.org&gt;{?subject ?property &lt;http://dbpedia.org/resource/Claude_Roy_(poet)&gt;.
}}
select distinct ?subject ?property 
where 
 { GRAPH &lt;http://dbpedia.org&gt;{?subject ?property &lt;http://dbpedia.org/resource/Clément_Colson&gt;.
}}
select distinct ?subject ?property 
where 
 { GRAPH &lt;http://dbpedia.org&gt;{?subject ?property &lt;http://dbpedia.org/resource/Constance_Marie_Charpentier&gt;.
}}
select distinct ?subject ?property 
where 
 { GRAPH &lt;http://dbpedia.org&gt;{?subject ?property &lt;http://dbpedia.org/resource/Cyrus_Leo_Sulzberger_II&gt;.
}}
select distinct ?subject ?property 
where 
 { GRAPH &lt;http://dbpedia.org&gt;{?subject ?property &lt;http://dbpedia.org/resource/Deanna_Durbin&gt;.
}}
select distinct ?subject ?property 
where 
 { GRAPH &lt;http://dbpedia.org&gt;{?subject ?property &lt;http://dbpedia.org/resource/Dita_Parlo&gt;.
}}
select distinct ?subject ?property 
where 
 { GRAPH &lt;http://dbpedia.org&gt;{?subject ?property &lt;http://dbpedia.org/resource/Elaine_Sturtevant&gt;.
}}
select distinct ?subject ?property 
where 
 { GRAPH &lt;http://dbpedia.org&gt;{?subject ?property &lt;http://dbpedia.org/resource/Eliane_Montel&gt;.
}}
select distinct ?subject ?property 
where 
 { GRAPH &lt;http://dbpedia.org&gt;{?subject ?property &lt;http://dbpedia.org/resource/Elvira_Popescu&gt;.
}}
select distinct ?subject ?property 
where 
 { GRAPH &lt;http://dbpedia.org&gt;{?subject ?property &lt;http://dbpedia.org/resource/Filippo_Turati&gt;.
}}
select distinct ?subject ?property 
where 
 { GRAPH &lt;http://dbpedia.org&gt;{?subject ?property &lt;http://dbpedia.org/resource/Frans_Pourbus_the_Younger&gt;.
}}
select distinct ?subject ?property 
where 
 { GRAPH &lt;http://dbpedia.org&gt;{?subject ?property &lt;http://dbpedia.org/resource/François-Marie_Perrot&gt;.
}}
select distinct ?subject ?property 
where 
 { GRAPH &lt;http://dbpedia.org&gt;{?subject ?property &lt;http://dbpedia.org/resource/François_Charpentier&gt;.
}}
select distinct ?subject ?property 
where 
 { GRAPH &lt;http://dbpedia.org&gt;{?subject ?property &lt;http://dbpedia.org/resource/François_Lenormant&gt;.
}}
select distinct ?subject ?property 
where 
 { GRAPH &lt;http://dbpedia.org&gt;{?subject ?property &lt;http://dbpedia.org/resource/François_Nau&gt;.
}}
select distinct ?subject ?property 
where 
 { GRAPH &lt;http://dbpedia.org&gt;{?subject ?property &lt;http://dbpedia.org/resource/François_Savary_de_Brèves&gt;.
}}
select distinct ?subject ?property 
where 
 { GRAPH &lt;http://dbpedia.org&gt;{?subject ?property &lt;http://dbpedia.org/resource/Frédérick_Lemaître&gt;.
}}
select distinct ?subject ?property 
where 
 { GRAPH &lt;http://dbpedia.org&gt;{?subject ?property &lt;http://dbpedia.org/resource/Félix-Sébastien_Feuillet_de_Conches&gt;.
}}
select distinct ?subject ?property 
where 
 { GRAPH &lt;http://dbpedia.org&gt;{?subject ?property &lt;http://dbpedia.org/resource/Félix_Pisani&gt;.
}}
select distinct ?subject ?property 
where 
 { GRAPH &lt;http://dbpedia.org&gt;{?subject ?property &lt;http://dbpedia.org/resource/Gaby_Casadesus&gt;.
}}
select distinct ?subject ?property 
where 
 { GRAPH &lt;http://dbpedia.org&gt;{?subject ?property &lt;http://dbpedia.org/resource/Gaston_Velle&gt;.
}}
select distinct ?subject ?property 
where 
 { GRAPH &lt;http://dbpedia.org&gt;{?subject ?property &lt;http://dbpedia.org/resource/Gaëtan_Picon&gt;.
}}
select distinct ?subject ?property 
where 
 { GRAPH &lt;http://dbpedia.org&gt;{?subject ?property &lt;http://dbpedia.org/resource/Georges_Pompidou&gt;.
}}
select distinct ?subject ?property 
where 
 { GRAPH &lt;http://dbpedia.org&gt;{?subject ?property &lt;http://dbpedia.org/resource/Georges_de_Beauregard&gt;.
}}
select distinct ?subject ?property 
where 
 { GRAPH &lt;http://dbpedia.org&gt;{?subject ?property &lt;http://dbpedia.org/resource/Giuseppe_Castiglione_(1829–1908)&gt;.
}}
select distinct ?subject ?property 
where 
 { GRAPH &lt;http://dbpedia.org&gt;{?subject ?property &lt;http://dbpedia.org/resource/Guillaume-François_Colson&gt;.
}}
select distinct ?subject ?property 
where 
 { GRAPH &lt;http://dbpedia.org&gt;{?subject ?property &lt;http://dbpedia.org/resource/Guillaume_de_l&apos;Hôpital&gt;.
}}
select distinct ?subject ?property 
where 
 { GRAPH &lt;http://dbpedia.org&gt;{?subject ?property &lt;http://dbpedia.org/resource/Gustave_Charpentier&gt;.
}}
select distinct ?subject ?property 
where 
 { GRAPH &lt;http://dbpedia.org&gt;{?subject ?property &lt;http://dbpedia.org/resource/Henri-Joseph_Rigel&gt;.
}}
select distinct ?subject ?property 
where 
 { GRAPH &lt;http://dbpedia.org&gt;{?subject ?property &lt;http://dbpedia.org/resource/Henri_Michaux&gt;.
}}
select distinct ?subject ?property 
where 
 { GRAPH &lt;http://dbpedia.org&gt;{?subject ?property &lt;http://dbpedia.org/resource/Henri_Rabaud&gt;.
}}
select distinct ?subject ?property 
where 
 { GRAPH &lt;http://dbpedia.org&gt;{?subject ?property &lt;http://dbpedia.org/resource/Isabelle_Caro&gt;.
}}
select distinct ?subject ?property 
where 
 { GRAPH &lt;http://dbpedia.org&gt;{?subject ?property &lt;http://dbpedia.org/resource/Jacques_Alexandre_Bixio&gt;.
}}
select distinct ?subject ?property 
where 
 { GRAPH &lt;http://dbpedia.org&gt;{?subject ?property &lt;http://dbpedia.org/resource/Jacques_Becker&gt;.
}}
select distinct ?subject ?property 
where 
 { GRAPH &lt;http://dbpedia.org&gt;{?subject ?property &lt;http://dbpedia.org/resource/James_Chace&gt;.
}}
select distinct ?subject ?property 
where 
 { GRAPH &lt;http://dbpedia.org&gt;{?subject ?property &lt;http://dbpedia.org/resource/James_Drummond,_2nd_Duke_of_Perth&gt;.
}}
select distinct ?subject ?property 
where 
 { GRAPH &lt;http://dbpedia.org&gt;{?subject ?property &lt;http://dbpedia.org/resource/James_Drummond,_4th_Earl_of_Perth&gt;.
}}
select distinct ?subject ?property 
where 
 { GRAPH &lt;http://dbpedia.org&gt;{?subject ?property &lt;http://dbpedia.org/resource/Jan_Andrzej_Morsztyn&gt;.
}}
select distinct ?subject ?property 
where 
 { GRAPH &lt;http://dbpedia.org&gt;{?subject ?property &lt;http://dbpedia.org/resource/Jean-Baptiste_Morin_(composer)&gt;.
}}
select distinct ?subject ?property 
where 
 { GRAPH &lt;http://dbpedia.org&gt;{?subject ?property &lt;http://dbpedia.org/resource/Jean-Baptiste_Pater&gt;.
}}
select distinct ?subject ?property 
where 
 { GRAPH &lt;http://dbpedia.org&gt;{?subject ?property &lt;http://dbpedia.org/resource/Jean-Baptiste_Pigalle&gt;.
}}
select distinct ?subject ?property 
where 
 { GRAPH &lt;http://dbpedia.org&gt;{?subject ?property &lt;http://dbpedia.org/resource/Jean-Baptiste_Stuck&gt;.
}}
select distinct ?subject ?property 
where 
 { GRAPH &lt;http://dbpedia.org&gt;{?subject ?property &lt;http://dbpedia.org/resource/Jean-François_Gilles_Colson&gt;.
}}
select distinct ?subject ?property 
where 
 { GRAPH &lt;http://dbpedia.org&gt;{?subject ?property &lt;http://dbpedia.org/resource/Jean-Frédéric_Edelmann&gt;.
}}
select distinct ?subject ?property 
where 
 { GRAPH &lt;http://dbpedia.org&gt;{?subject ?property &lt;http://dbpedia.org/resource/Jean-Jacques-Antoine_Caussin_de_Perceval&gt;.
}}
select distinct ?subject ?property 
where 
 { GRAPH &lt;http://dbpedia.org&gt;{?subject ?property &lt;http://dbpedia.org/resource/Jean-Jacques_Beauvarlet-Charpentier&gt;.
}}
select distinct ?subject ?property 
where 
 { GRAPH &lt;http://dbpedia.org&gt;{?subject ?property &lt;http://dbpedia.org/resource/Jean_Baptiste_Bory_de_Saint-Vincent&gt;.
}}
select distinct ?subject ?property 
where 
 { GRAPH &lt;http://dbpedia.org&gt;{?subject ?property &lt;http://dbpedia.org/resource/Jean_Cau_(writer)&gt;.
}}
select distinct ?subject ?property 
where 
 { GRAPH &lt;http://dbpedia.org&gt;{?subject ?property &lt;http://dbpedia.org/resource/Jean_Claude_Gilles_Colson&gt;.
}}
select distinct ?subject ?property 
where 
 { GRAPH &lt;http://dbpedia.org&gt;{?subject ?property &lt;http://dbpedia.org/resource/Jean_Gaudin_(glass_artist)&gt;.
}}
select distinct ?subject ?property 
where 
 { GRAPH &lt;http://dbpedia.org&gt;{?subject ?property &lt;http://dbpedia.org/resource/Jean_Morin_(theologian)&gt;.
}}
select distinct ?subject ?property 
where 
 { GRAPH &lt;http://dbpedia.org&gt;{?subject ?property &lt;http://dbpedia.org/resource/Jean_Pasqualini&gt;.
}}
select distinct ?subject ?property 
where 
 { GRAPH &lt;http://dbpedia.org&gt;{?subject ?property &lt;http://dbpedia.org/resource/Jean_de_Witte&gt;.
}}
select distinct ?subject ?property 
where 
 { GRAPH &lt;http://dbpedia.org&gt;{?subject ?property &lt;http://dbpedia.org/resource/Jeanette_Wohl&gt;.
}}
select distinct ?subject ?property 
where 
 { GRAPH &lt;http://dbpedia.org&gt;{?subject ?property &lt;http://dbpedia.org/resource/Johann_Vogel_(composer)&gt;.
}}
select distinct ?subject ?property 
where 
 { GRAPH &lt;http://dbpedia.org&gt;{?subject ?property &lt;http://dbpedia.org/resource/John_Gilchrist_(linguist)&gt;.
}}
select distinct ?subject ?property 
where 
 { GRAPH &lt;http://dbpedia.org&gt;{?subject ?property &lt;http://dbpedia.org/resource/Joseph_O&apos;Kelly&gt;.
}}
select distinct ?subject ?property 
where 
 { GRAPH &lt;http://dbpedia.org&gt;{?subject ?property &lt;http://dbpedia.org/resource/Joseph_Oller&gt;.
}}
select distinct ?subject ?property 
where 
 { GRAPH &lt;http://dbpedia.org&gt;{?subject ?property &lt;http://dbpedia.org/resource/Jules_Renard&gt;.
}}
select distinct ?subject ?property 
where 
 { GRAPH &lt;http://dbpedia.org&gt;{?subject ?property &lt;http://dbpedia.org/resource/Jérôme_Savary&gt;.
}}
select distinct ?subject ?property 
where 
 { GRAPH &lt;http://dbpedia.org&gt;{?subject ?property &lt;http://dbpedia.org/resource/Leo_V,_King_of_Armenia&gt;.
}}
select distinct ?subject ?property 
where 
 { GRAPH &lt;http://dbpedia.org&gt;{?subject ?property &lt;http://dbpedia.org/resource/Le?_Frankel&gt;.
}}
select distinct ?subject ?property 
where 
 { GRAPH &lt;http://dbpedia.org&gt;{?subject ?property &lt;http://dbpedia.org/resource/Lip?t_Schulhof&gt;.
}}
select distinct ?subject ?property 
where 
 { GRAPH &lt;http://dbpedia.org&gt;{?subject ?property &lt;http://dbpedia.org/resource/Louis_Bertillon&gt;.
}}
select distinct ?subject ?property 
where 
 { GRAPH &lt;http://dbpedia.org&gt;{?subject ?property &lt;http://dbpedia.org/resource/Louis_Faidherbe&gt;.
}}
select distinct ?subject ?property 
where 
 { GRAPH &lt;http://dbpedia.org&gt;{?subject ?property &lt;http://dbpedia.org/resource/Louis_de_Boissy&gt;.
}}
select distinct ?subject ?property 
where 
 { GRAPH &lt;http://dbpedia.org&gt;{?subject ?property &lt;http://dbpedia.org/resource/Lucien_Gaudin&gt;.
}}
select distinct ?subject ?property 
where 
 { GRAPH &lt;http://dbpedia.org&gt;{?subject ?property &lt;http://dbpedia.org/resource/Lucien_Muratore&gt;.
}}
select distinct ?subject ?property 
where 
 { GRAPH &lt;http://dbpedia.org&gt;{?subject ?property &lt;http://dbpedia.org/resource/Mado_Robin&gt;.
}}
select distinct ?subject ?property 
where 
 { GRAPH &lt;http://dbpedia.org&gt;{?subject ?property &lt;http://dbpedia.org/resource/Marc_Antoine_Auguste_Gaudin&gt;.
}}
select distinct ?subject ?property 
where 
 { GRAPH &lt;http://dbpedia.org&gt;{?subject ?property &lt;http://dbpedia.org/resource/Marie_Petipa&gt;.
}}
select distinct ?subject ?property 
where 
 { GRAPH &lt;http://dbpedia.org&gt;{?subject ?property &lt;http://dbpedia.org/resource/Marie_de_Gournay&gt;.
}}
select distinct ?subject ?property 
where 
 { GRAPH &lt;http://dbpedia.org&gt;{?subject ?property &lt;http://dbpedia.org/resource/Marquise_de_Caylus&gt;.
}}
select distinct ?subject ?property 
where 
 { GRAPH &lt;http://dbpedia.org&gt;{?subject ?property &lt;http://dbpedia.org/resource/Max_Stern_(gallery_owner)&gt;.
}}
select distinct ?subject ?property 
where 
 { GRAPH &lt;http://dbpedia.org&gt;{?subject ?property &lt;http://dbpedia.org/resource/Moritz_Moszkowski&gt;.
}}
select distinct ?subject ?property 
where 
 { GRAPH &lt;http://dbpedia.org&gt;{?subject ?property &lt;http://dbpedia.org/resource/Moïse_Schwab&gt;.
}}
select distinct ?subject ?property 
where 
 { GRAPH &lt;http://dbpedia.org&gt;{?subject ?property &lt;http://dbpedia.org/resource/M?rio_de_S?-Carneiro&gt;.
}}
select distinct ?subject ?property 
where 
 { GRAPH &lt;http://dbpedia.org&gt;{?subject ?property &lt;http://dbpedia.org/resource/Nikos_Papatakis&gt;.
}}
select distinct ?subject ?property 
where 
 { GRAPH &lt;http://dbpedia.org&gt;{?subject ?property &lt;http://dbpedia.org/resource/Noe_Zhordania&gt;.
}}
select distinct ?subject ?property 
where 
 { GRAPH &lt;http://dbpedia.org&gt;{?subject ?property &lt;http://dbpedia.org/resource/Paul_Auguste_Hariot&gt;.
}}
select distinct ?subject ?property 
where 
 { GRAPH &lt;http://dbpedia.org&gt;{?subject ?property &lt;http://dbpedia.org/resource/Paul_Faure_(politician)&gt;.
}}
select distinct ?subject ?property 
where 
 { GRAPH &lt;http://dbpedia.org&gt;{?subject ?property &lt;http://dbpedia.org/resource/Paul_Montel&gt;.
}}
select distinct ?subject ?property 
where 
 { GRAPH &lt;http://dbpedia.org&gt;{?subject ?property &lt;http://dbpedia.org/resource/Paul_?mile_Appell&gt;.
}}
select distinct ?subject ?property 
where 
 { GRAPH &lt;http://dbpedia.org&gt;{?subject ?property &lt;http://dbpedia.org/resource/Philippe_Buonarroti&gt;.
}}
select distinct ?subject ?property 
where 
 { GRAPH &lt;http://dbpedia.org&gt;{?subject ?property &lt;http://dbpedia.org/resource/Pierre-Auguste_Sarrus&gt;.
}}
select distinct ?subject ?property 
where 
 { GRAPH &lt;http://dbpedia.org&gt;{?subject ?property &lt;http://dbpedia.org/resource/Pierre_Coton&gt;.
}}
select distinct ?subject ?property 
where 
 { GRAPH &lt;http://dbpedia.org&gt;{?subject ?property &lt;http://dbpedia.org/resource/Pierre_Michaux&gt;.
}}
select distinct ?subject ?property 
where 
 { GRAPH &lt;http://dbpedia.org&gt;{?subject ?property &lt;http://dbpedia.org/resource/Pierre_du_Ryer&gt;.
}}
select distinct ?subject ?property 
where 
 { GRAPH &lt;http://dbpedia.org&gt;{?subject ?property &lt;http://dbpedia.org/resource/Ramon_Pichot&gt;.
}}
select distinct ?subject ?property 
where 
 { GRAPH &lt;http://dbpedia.org&gt;{?subject ?property &lt;http://dbpedia.org/resource/Rembrandt_Bugatti&gt;.
}}
select distinct ?subject ?property 
where 
 { GRAPH &lt;http://dbpedia.org&gt;{?subject ?property &lt;http://dbpedia.org/resource/René_Fonck&gt;.
}}
select distinct ?subject ?property 
where 
 { GRAPH &lt;http://dbpedia.org&gt;{?subject ?property &lt;http://dbpedia.org/resource/René_de_Birague&gt;.
}}
select distinct ?subject ?property 
where 
 { GRAPH &lt;http://dbpedia.org&gt;{?subject ?property &lt;http://dbpedia.org/resource/Renée_Carl&gt;.
}}
select distinct ?subject ?property 
where 
 { GRAPH &lt;http://dbpedia.org&gt;{?subject ?property &lt;http://dbpedia.org/resource/Renée_Carpentier-Wintz&gt;.
}}
select distinct ?subject ?property 
where 
 { GRAPH &lt;http://dbpedia.org&gt;{?subject ?property &lt;http://dbpedia.org/resource/Renée_Garilhe&gt;.
}}
select distinct ?subject ?property 
where 
 { GRAPH &lt;http://dbpedia.org&gt;{?subject ?property &lt;http://dbpedia.org/resource/Robert-Guillaume_Casadesus&gt;.
}}
select distinct ?subject ?property 
where 
 { GRAPH &lt;http://dbpedia.org&gt;{?subject ?property &lt;http://dbpedia.org/resource/Robert_Casadesus&gt;.
}}
select distinct ?subject ?property 
where 
 { GRAPH &lt;http://dbpedia.org&gt;{?subject ?property &lt;http://dbpedia.org/resource/Robert_Chambers_(English_judge)&gt;.
}}
select distinct ?subject ?property 
where 
 { GRAPH &lt;http://dbpedia.org&gt;{?subject ?property &lt;http://dbpedia.org/resource/Robert_Thomas_(director)&gt;.
}}
select distinct ?subject ?property 
where 
 { GRAPH &lt;http://dbpedia.org&gt;{?subject ?property &lt;http://dbpedia.org/resource/Rémy_Belleau&gt;.
}}
select distinct ?subject ?property 
where 
 { GRAPH &lt;http://dbpedia.org&gt;{?subject ?property &lt;http://dbpedia.org/resource/Sebastien_Michaelis&gt;.
}}
select distinct ?subject ?property 
where 
 { GRAPH &lt;http://dbpedia.org&gt;{?subject ?property &lt;http://dbpedia.org/resource/Sophie_de_Condorcet&gt;.
}}
select distinct ?subject ?property 
where 
 { GRAPH &lt;http://dbpedia.org&gt;{?subject ?property &lt;http://dbpedia.org/resource/Soraya_Esfandiary-Bakhtiari&gt;.
}}
select distinct ?subject ?property 
where 
 { GRAPH &lt;http://dbpedia.org&gt;{?subject ?property &lt;http://dbpedia.org/resource/Teta_Lando&gt;.
}}
select distinct ?subject ?property 
where 
 { GRAPH &lt;http://dbpedia.org&gt;{?subject ?property &lt;http://dbpedia.org/resource/Theodore_Kitching&gt;.
}}
select distinct ?subject ?property 
where 
 { GRAPH &lt;http://dbpedia.org&gt;{?subject ?property &lt;http://dbpedia.org/resource/Turhan_Përmeti&gt;.
}}
select distinct ?subject ?property 
where 
 { GRAPH &lt;http://dbpedia.org&gt;{?subject ?property &lt;http://dbpedia.org/resource/Ulric_Guttinguer&gt;.
}}
select distinct ?subject ?property 
where 
 { GRAPH &lt;http://dbpedia.org&gt;{?subject ?property &lt;http://dbpedia.org/resource/Victor_Brauner&gt;.
}}
select distinct ?subject ?property 
where 
 { GRAPH &lt;http://dbpedia.org&gt;{?subject ?property &lt;http://dbpedia.org/resource/?douard_Riou&gt;.
}}
select distinct ?subject ?property 
where 
 { GRAPH &lt;http://dbpedia.org&gt;{?subject ?property &lt;http://dbpedia.org/resource/?mile_Molinier&gt;.
}}
select distinct ?subject ?property 
where 
 { GRAPH &lt;http://dbpedia.org&gt;{?subject ?property &lt;http://dbpedia.org/resource/?tienne-Jules_Marey&gt;.
}}
select distinct ?subject ?property 
where 
 { GRAPH &lt;http://dbpedia.org&gt;{?subject ?property &lt;http://dbpedia.org/resource/Amar_Ben_Belgacem&gt;.
}}
select distinct ?subject ?property 
where 
 { GRAPH &lt;http://dbpedia.org&gt;{?subject ?property &lt;http://dbpedia.org/resource/C._Jérôme&gt;.
}}
select distinct ?subject ?property 
where 
 { GRAPH &lt;http://dbpedia.org&gt;{?subject ?property &lt;http://dbpedia.org/resource/Carlos_Mauricio_Valenti_Perrillat&gt;.
}}
select distinct ?subject ?property 
where 
 { GRAPH &lt;http://dbpedia.org&gt;{?subject ?property &lt;http://dbpedia.org/resource/Dominique_Baudis&gt;.
}}
select distinct ?subject ?property 
where 
 { GRAPH &lt;http://dbpedia.org&gt;{?subject ?property &lt;http://dbpedia.org/resource/François-Edmond_Pâris&gt;.
}}
select distinct ?subject ?property 
where 
 { GRAPH &lt;http://dbpedia.org&gt;{?subject ?property &lt;http://dbpedia.org/resource/Félix_Potin&gt;.
}}
select distinct ?subject ?property 
where 
 { GRAPH &lt;http://dbpedia.org&gt;{?subject ?property &lt;http://dbpedia.org/resource/Georges_Méliès&gt;.
}}
select distinct ?subject ?property 
where 
 { GRAPH &lt;http://dbpedia.org&gt;{?subject ?property &lt;http://dbpedia.org/resource/Guy_Peellaert&gt;.
}}
select distinct ?subject ?property 
where 
 { GRAPH &lt;http://dbpedia.org&gt;{?subject ?property &lt;http://dbpedia.org/resource/Henryk_Berlewi&gt;.
}}
select distinct ?subject ?property 
where 
 { GRAPH &lt;http://dbpedia.org&gt;{?subject ?property &lt;http://dbpedia.org/resource/Joseph-Henri_baron_de_Jessé&gt;.
}}
select distinct ?subject ?property 
where 
 { GRAPH &lt;http://dbpedia.org&gt;{?subject ?property &lt;http://dbpedia.org/resource/Maurice_Savin&gt;.
}}
select distinct ?subject ?property 
where 
 { GRAPH &lt;http://dbpedia.org&gt;{?subject ?property &lt;http://dbpedia.org/resource/Olivier_Ameisen&gt;.
}}
select distinct ?subject ?property 
where 
 { GRAPH &lt;http://dbpedia.org&gt;{?subject ?property &lt;http://dbpedia.org/resource/Rafel_Tona&gt;.
}}
select distinct ?subject ?property 
where 
 { GRAPH &lt;http://dbpedia.org&gt;{?subject ?property &lt;http://dbpedia.org/resource/Stéphane_Hessel&gt;.
}}
select distinct ?subject ?property 
where 
 { GRAPH &lt;http://dbpedia.org&gt;{?subject ?property &lt;http://dbpedia.org/resource/Tara_R?mer&gt;.
}}
select distinct ?subject ?property 
where 
 { GRAPH &lt;http://dbpedia.org&gt;{?subject ?property &lt;http://dbpedia.org/resource/Walram_of_Jülich&gt;.
}}
select distinct ?subject ?property 
where 
 { GRAPH &lt;http://dbpedia.org&gt;{?subject ?property &lt;http://dbpedia.org/resource/Gil_J_Wolman&gt;.
}}
select distinct ?subject ?property 
where 
 { GRAPH &lt;http://dbpedia.org&gt;{?subject ?property &lt;http://dbpedia.org/resource/Jean-François_Pierre_Peyron&gt;.
}}
select distinct ?subject ?property 
where 
 { GRAPH &lt;http://dbpedia.org&gt;{?subject ?property &lt;http://dbpedia.org/resource/Jean_Orry&gt;.
}}
select distinct ?subject ?property 
where 
 { GRAPH &lt;http://dbpedia.org&gt;{?subject ?property &lt;http://dbpedia.org/resource/Juliet_Berto&gt;.
}}
select distinct ?subject ?property 
where 
 { GRAPH &lt;http://dbpedia.org&gt;{?subject ?property &lt;http://dbpedia.org/resource/Juliusz_S?owacki&gt;.
}}
select distinct ?subject ?property 
where 
 { GRAPH &lt;http://dbpedia.org&gt;{?subject ?property &lt;http://dbpedia.org/resource/Luc-Olivier_Merson&gt;.
}}
select distinct ?subject ?property 
where 
 { GRAPH &lt;http://dbpedia.org&gt;{?subject ?property &lt;http://dbpedia.org/resource/Michel_Baud&gt;.
}}
select distinct ?subject ?property 
where 
 { GRAPH &lt;http://dbpedia.org&gt;{?subject ?property &lt;http://dbpedia.org/resource/Michel_Berto&gt;.
}}
select distinct ?subject ?property 
where 
 { GRAPH &lt;http://dbpedia.org&gt;{?subject ?property &lt;http://dbpedia.org/resource/Nicholas_Halma&gt;.
}}
select distinct ?subject ?property 
where 
 { GRAPH &lt;http://dbpedia.org&gt;{?subject ?property &lt;http://dbpedia.org/resource/Abdul_Rasul_(Iraqi_scientist)&gt;.
}}
select distinct ?subject ?property 
where 
 { GRAPH &lt;http://dbpedia.org&gt;{?subject ?property &lt;http://dbpedia.org/resource/Adam_Frans_van_der_Meulen&gt;.
}}
select distinct ?subject ?property 
where 
 { GRAPH &lt;http://dbpedia.org&gt;{?subject ?property &lt;http://dbpedia.org/resource/Agostino_Ramelli&gt;.
}}
select distinct ?subject ?property 
where 
 { GRAPH &lt;http://dbpedia.org&gt;{?subject ?property &lt;http://dbpedia.org/resource/Albert_Calmette&gt;.
}}
select distinct ?subject ?property 
where 
 { GRAPH &lt;http://dbpedia.org&gt;{?subject ?property &lt;http://dbpedia.org/resource/Alexis_Bonabes,_Marquess_of_Rougé&gt;.
}}
select distinct ?subject ?property 
where 
 { GRAPH &lt;http://dbpedia.org&gt;{?subject ?property &lt;http://dbpedia.org/resource/André_Barsacq&gt;.
}}
select distinct ?subject ?property 
where 
 { GRAPH &lt;http://dbpedia.org&gt;{?subject ?property &lt;http://dbpedia.org/resource/Anne_Julie_de_Melun&gt;.
}}
select distinct ?subject ?property 
where 
 { GRAPH &lt;http://dbpedia.org&gt;{?subject ?property &lt;http://dbpedia.org/resource/Antonio_Superchi&gt;.
}}
select distinct ?subject ?property 
where 
 { GRAPH &lt;http://dbpedia.org&gt;{?subject ?property &lt;http://dbpedia.org/resource/Antonio_Trivulzio,_iuniore&gt;.
}}
select distinct ?subject ?property 
where 
 { GRAPH &lt;http://dbpedia.org&gt;{?subject ?property &lt;http://dbpedia.org/resource/Arnaud_Berquin&gt;.
}}
select distinct ?subject ?property 
where 
 { GRAPH &lt;http://dbpedia.org&gt;{?subject ?property &lt;http://dbpedia.org/resource/Arnaud_II_de_La_Porte&gt;.
}}
select distinct ?subject ?property 
where 
 { GRAPH &lt;http://dbpedia.org&gt;{?subject ?property &lt;http://dbpedia.org/resource/Arthur_Briggs_(musician)&gt;.
}}
select distinct ?subject ?property 
where 
 { GRAPH &lt;http://dbpedia.org&gt;{?subject ?property &lt;http://dbpedia.org/resource/Aubin-Louis_Millin_de_Grandmaison&gt;.
}}
select distinct ?subject ?property 
where 
 { GRAPH &lt;http://dbpedia.org&gt;{?subject ?property &lt;http://dbpedia.org/resource/Azadeh_Shafiq&gt;.
}}
select distinct ?subject ?property 
where 
 { GRAPH &lt;http://dbpedia.org&gt;{?subject ?property &lt;http://dbpedia.org/resource/Bernard_Moitessier&gt;.
}}
select distinct ?subject ?property 
where 
 { GRAPH &lt;http://dbpedia.org&gt;{?subject ?property &lt;http://dbpedia.org/resource/Castil-Blaze&gt;.
}}
select distinct ?subject ?property 
where 
 { GRAPH &lt;http://dbpedia.org&gt;{?subject ?property &lt;http://dbpedia.org/resource/Chalakuzhy_Paulose_Mathen&gt;.
}}
select distinct ?subject ?property 
where 
 { GRAPH &lt;http://dbpedia.org&gt;{?subject ?property &lt;http://dbpedia.org/resource/Charles-Victor_Prévot,_vicomte_d&apos;Arlincourt&gt;.
}}
select distinct ?subject ?property 
where 
 { GRAPH &lt;http://dbpedia.org&gt;{?subject ?property &lt;http://dbpedia.org/resource/Charles_Coquelin&gt;.
}}
select distinct ?subject ?property 
where 
 { GRAPH &lt;http://dbpedia.org&gt;{?subject ?property &lt;http://dbpedia.org/resource/Charles_Guernier&gt;.
}}
select distinct ?subject ?property 
where 
 { GRAPH &lt;http://dbpedia.org&gt;{?subject ?property &lt;http://dbpedia.org/resource/Charles_Léopold_Laurillard&gt;.
}}
select distinct ?subject ?property 
where 
 { GRAPH &lt;http://dbpedia.org&gt;{?subject ?property &lt;http://dbpedia.org/resource/Charles_?douard_Armand-Dumaresq&gt;.
}}
select distinct ?subject ?property 
where 
 { GRAPH &lt;http://dbpedia.org&gt;{?subject ?property &lt;http://dbpedia.org/resource/Christian_Zervos&gt;.
}}
select distinct ?subject ?property 
where 
 { GRAPH &lt;http://dbpedia.org&gt;{?subject ?property &lt;http://dbpedia.org/resource/Claude-?tienne_Guyot&gt;.
}}
select distinct ?subject ?property 
where 
 { GRAPH &lt;http://dbpedia.org&gt;{?subject ?property &lt;http://dbpedia.org/resource/Claude_Audran_the_Younger&gt;.
}}
select distinct ?subject ?property 
where 
 { GRAPH &lt;http://dbpedia.org&gt;{?subject ?property &lt;http://dbpedia.org/resource/Claude_Basire&gt;.
}}
select distinct ?subject ?property 
where 
 { GRAPH &lt;http://dbpedia.org&gt;{?subject ?property &lt;http://dbpedia.org/resource/Claude_Prosper_Jolyot_de_Crébillon&gt;.
}}
select distinct ?subject ?property 
where 
 { GRAPH &lt;http://dbpedia.org&gt;{?subject ?property &lt;http://dbpedia.org/resource/César_Domela&gt;.
}}
select distinct ?subject ?property 
where 
 { GRAPH &lt;http://dbpedia.org&gt;{?subject ?property &lt;http://dbpedia.org/resource/Ernest_Boulanger_(composer)&gt;.
}}
select distinct ?subject ?property 
where 
 { GRAPH &lt;http://dbpedia.org&gt;{?subject ?property &lt;http://dbpedia.org/resource/Ernest_Boulanger_(politician)&gt;.
}}
select distinct ?subject ?property 
where 
 { GRAPH &lt;http://dbpedia.org&gt;{?subject ?property &lt;http://dbpedia.org/resource/Ernest_Fanelli&gt;.
}}
select distinct ?subject ?property 
where 
 { GRAPH &lt;http://dbpedia.org&gt;{?subject ?property &lt;http://dbpedia.org/resource/Eugène_Balme&gt;.
}}
select distinct ?subject ?property 
where 
 { GRAPH &lt;http://dbpedia.org&gt;{?subject ?property &lt;http://dbpedia.org/resource/Francesco_Fanelli&gt;.
}}
select distinct ?subject ?property 
where 
 { GRAPH &lt;http://dbpedia.org&gt;{?subject ?property &lt;http://dbpedia.org/resource/Francisco_Javier_L?pez_Pe?a&gt;.
}}
select distinct ?subject ?property 
where 
 { GRAPH &lt;http://dbpedia.org&gt;{?subject ?property &lt;http://dbpedia.org/resource/Frantz_Funck-Brentano&gt;.
}}
select distinct ?subject ?property 
where 
 { GRAPH &lt;http://dbpedia.org&gt;{?subject ?property &lt;http://dbpedia.org/resource/François-Désiré_Froment-Meurice&gt;.
}}
select distinct ?subject ?property 
where 
 { GRAPH &lt;http://dbpedia.org&gt;{?subject ?property &lt;http://dbpedia.org/resource/François-Nicholas-Madeleine_Morlot&gt;.
}}
select distinct ?subject ?property 
where 
 { GRAPH &lt;http://dbpedia.org&gt;{?subject ?property &lt;http://dbpedia.org/resource/François_Delsarte&gt;.
}}
select distinct ?subject ?property 
where 
 { GRAPH &lt;http://dbpedia.org&gt;{?subject ?property &lt;http://dbpedia.org/resource/François_Martin_(composer)&gt;.
}}
select distinct ?subject ?property 
where 
 { GRAPH &lt;http://dbpedia.org&gt;{?subject ?property &lt;http://dbpedia.org/resource/François_Picavet&gt;.
}}
select distinct ?subject ?property 
where 
 { GRAPH &lt;http://dbpedia.org&gt;{?subject ?property &lt;http://dbpedia.org/resource/François_de_La_Mothe_Le_Vayer&gt;.
}}
select distinct ?subject ?property 
where 
 { GRAPH &lt;http://dbpedia.org&gt;{?subject ?property &lt;http://dbpedia.org/resource/Félix_Vallotton&gt;.
}}
select distinct ?subject ?property 
where 
 { GRAPH &lt;http://dbpedia.org&gt;{?subject ?property &lt;http://dbpedia.org/resource/Gaston_Calmette&gt;.
}}
select distinct ?subject ?property 
where 
 { GRAPH &lt;http://dbpedia.org&gt;{?subject ?property &lt;http://dbpedia.org/resource/Geoffroy_Velten&gt;.
}}
select distinct ?subject ?property 
where 
 { GRAPH &lt;http://dbpedia.org&gt;{?subject ?property &lt;http://dbpedia.org/resource/Georges_Sadoul&gt;.
}}
select distinct ?subject ?property 
where 
 { GRAPH &lt;http://dbpedia.org&gt;{?subject ?property &lt;http://dbpedia.org/resource/Georges_Van_Parys&gt;.
}}
select distinct ?subject ?property 
where 
 { GRAPH &lt;http://dbpedia.org&gt;{?subject ?property &lt;http://dbpedia.org/resource/Gheorghe_Bengescu&gt;.
}}
select distinct ?subject ?property 
where 
 { GRAPH &lt;http://dbpedia.org&gt;{?subject ?property &lt;http://dbpedia.org/resource/Giovanni_Antonio_Galignani&gt;.
}}
select distinct ?subject ?property 
where 
 { GRAPH &lt;http://dbpedia.org&gt;{?subject ?property &lt;http://dbpedia.org/resource/Henri_Curiel&gt;.
}}
select distinct ?subject ?property 
where 
 { GRAPH &lt;http://dbpedia.org&gt;{?subject ?property &lt;http://dbpedia.org/resource/Henry_II,_Duke_of_Guise&gt;.
}}
select distinct ?subject ?property 
where 
 { GRAPH &lt;http://dbpedia.org&gt;{?subject ?property &lt;http://dbpedia.org/resource/Henry_Simon_(politician)&gt;.
}}
select distinct ?subject ?property 
where 
 { GRAPH &lt;http://dbpedia.org&gt;{?subject ?property &lt;http://dbpedia.org/resource/Honoré_Caille_du_Fourny&gt;.
}}
select distinct ?subject ?property 
where 
 { GRAPH &lt;http://dbpedia.org&gt;{?subject ?property &lt;http://dbpedia.org/resource/Jacob_Ferdinand_Voet&gt;.
}}
select distinct ?subject ?property 
where 
 { GRAPH &lt;http://dbpedia.org&gt;{?subject ?property &lt;http://dbpedia.org/resource/Jacques-Louis_Dumesnil&gt;.
}}
select distinct ?subject ?property 
where 
 { GRAPH &lt;http://dbpedia.org&gt;{?subject ?property &lt;http://dbpedia.org/resource/Jacques_Herlin&gt;.
}}
select distinct ?subject ?property 
where 
 { GRAPH &lt;http://dbpedia.org&gt;{?subject ?property &lt;http://dbpedia.org/resource/Jacques_Pierre_Abbatucci_(minister)&gt;.
}}
select distinct ?subject ?property 
where 
 { GRAPH &lt;http://dbpedia.org&gt;{?subject ?property &lt;http://dbpedia.org/resource/Jacques_Sadoul_(politician)&gt;.
}}
select distinct ?subject ?property 
where 
 { GRAPH &lt;http://dbpedia.org&gt;{?subject ?property &lt;http://dbpedia.org/resource/Jacques_Vigouroux_Duplessis&gt;.
}}
select distinct ?subject ?property 
where 
 { GRAPH &lt;http://dbpedia.org&gt;{?subject ?property &lt;http://dbpedia.org/resource/Jaime_Semprun&gt;.
}}
select distinct ?subject ?property 
where 
 { GRAPH &lt;http://dbpedia.org&gt;{?subject ?property &lt;http://dbpedia.org/resource/Jean-Baptiste_Dugas-Montbel&gt;.
}}
select distinct ?subject ?property 
where 
 { GRAPH &lt;http://dbpedia.org&gt;{?subject ?property &lt;http://dbpedia.org/resource/Jean-Pierre_Duprey&gt;.
}}
select distinct ?subject ?property 
where 
 { GRAPH &lt;http://dbpedia.org&gt;{?subject ?property &lt;http://dbpedia.org/resource/Jean_Alexandre_Buchon&gt;.
}}
select distinct ?subject ?property 
where 
 { GRAPH &lt;http://dbpedia.org&gt;{?subject ?property &lt;http://dbpedia.org/resource/Jean_Grolier_de_Servières&gt;.
}}
select distinct ?subject ?property 
where 
 { GRAPH &lt;http://dbpedia.org&gt;{?subject ?property &lt;http://dbpedia.org/resource/Jean_Hyppolite&gt;.
}}
select distinct ?subject ?property 
where 
 { GRAPH &lt;http://dbpedia.org&gt;{?subject ?property &lt;http://dbpedia.org/resource/Jean_Maximilien_Lamarque&gt;.
}}
select distinct ?subject ?property 
where 
 { GRAPH &lt;http://dbpedia.org&gt;{?subject ?property &lt;http://dbpedia.org/resource/Jim_Gérald&gt;.
}}
select distinct ?subject ?property 
where 
 { GRAPH &lt;http://dbpedia.org&gt;{?subject ?property &lt;http://dbpedia.org/resource/Johnny_Stark_(talent_manager)&gt;.
}}
select distinct ?subject ?property 
where 
 { GRAPH &lt;http://dbpedia.org&gt;{?subject ?property &lt;http://dbpedia.org/resource/Joseph-Frédéric-Benoît_Charrière&gt;.
}}
select distinct ?subject ?property 
where 
 { GRAPH &lt;http://dbpedia.org&gt;{?subject ?property &lt;http://dbpedia.org/resource/Julije_Knifer&gt;.
}}
select distinct ?subject ?property 
where 
 { GRAPH &lt;http://dbpedia.org&gt;{?subject ?property &lt;http://dbpedia.org/resource/Konstancja_Poniatowska&gt;.
}}
select distinct ?subject ?property 
where 
 { GRAPH &lt;http://dbpedia.org&gt;{?subject ?property &lt;http://dbpedia.org/resource/Louis-Joseph_Lebret&gt;.
}}
select distinct ?subject ?property 
where 
 { GRAPH &lt;http://dbpedia.org&gt;{?subject ?property &lt;http://dbpedia.org/resource/Louis-Léon_de_Brancas&gt;.
}}
select distinct ?subject ?property 
where 
 { GRAPH &lt;http://dbpedia.org&gt;{?subject ?property &lt;http://dbpedia.org/resource/Louis-Philippe_Crépin&gt;.
}}
select distinct ?subject ?property 
where 
 { GRAPH &lt;http://dbpedia.org&gt;{?subject ?property &lt;http://dbpedia.org/resource/Louis_Gernet&gt;.
}}
select distinct ?subject ?property 
where 
 { GRAPH &lt;http://dbpedia.org&gt;{?subject ?property &lt;http://dbpedia.org/resource/Louis_de_Berquin&gt;.
}}
select distinct ?subject ?property 
where 
 { GRAPH &lt;http://dbpedia.org&gt;{?subject ?property &lt;http://dbpedia.org/resource/Lucien_Gamblin&gt;.
}}
select distinct ?subject ?property 
where 
 { GRAPH &lt;http://dbpedia.org&gt;{?subject ?property &lt;http://dbpedia.org/resource/Léon_Barsacq&gt;.
}}
select distinct ?subject ?property 
where 
 { GRAPH &lt;http://dbpedia.org&gt;{?subject ?property &lt;http://dbpedia.org/resource/Madeleine_Castaing&gt;.
}}
select distinct ?subject ?property 
where 
 { GRAPH &lt;http://dbpedia.org&gt;{?subject ?property &lt;http://dbpedia.org/resource/Marie-Georges_Pascal&gt;.
}}
select distinct ?subject ?property 
where 
 { GRAPH &lt;http://dbpedia.org&gt;{?subject ?property &lt;http://dbpedia.org/resource/Marie-Madeleine_Fourcade&gt;.
}}
select distinct ?subject ?property 
where 
 { GRAPH &lt;http://dbpedia.org&gt;{?subject ?property &lt;http://dbpedia.org/resource/Marie_Anne_de_Mailly&gt;.
}}
select distinct ?subject ?property 
where 
 { GRAPH &lt;http://dbpedia.org&gt;{?subject ?property &lt;http://dbpedia.org/resource/Marie_Dumesnil&gt;.
}}
select distinct ?subject ?property 
where 
 { GRAPH &lt;http://dbpedia.org&gt;{?subject ?property &lt;http://dbpedia.org/resource/Maurice_Raizman&gt;.
}}
select distinct ?subject ?property 
where 
 { GRAPH &lt;http://dbpedia.org&gt;{?subject ?property &lt;http://dbpedia.org/resource/Michael_Herman_(mathematician)&gt;.
}}
select distinct ?subject ?property 
where 
 { GRAPH &lt;http://dbpedia.org&gt;{?subject ?property &lt;http://dbpedia.org/resource/Mohammed_Mzali&gt;.
}}
select distinct ?subject ?property 
where 
 { GRAPH &lt;http://dbpedia.org&gt;{?subject ?property &lt;http://dbpedia.org/resource/Mozaffar_Firouz&gt;.
}}
select distinct ?subject ?property 
where 
 { GRAPH &lt;http://dbpedia.org&gt;{?subject ?property &lt;http://dbpedia.org/resource/Mykhailo_Omelianovych-Pavlenko&gt;.
}}
select distinct ?subject ?property 
where 
 { GRAPH &lt;http://dbpedia.org&gt;{?subject ?property &lt;http://dbpedia.org/resource/Nicolae_Calimachi-Catargiu&gt;.
}}
select distinct ?subject ?property 
where 
 { GRAPH &lt;http://dbpedia.org&gt;{?subject ?property &lt;http://dbpedia.org/resource/Paul_Féret&gt;.
}}
select distinct ?subject ?property 
where 
 { GRAPH &lt;http://dbpedia.org&gt;{?subject ?property &lt;http://dbpedia.org/resource/Paul_Meurice&gt;.
}}
select distinct ?subject ?property 
where 
 { GRAPH &lt;http://dbpedia.org&gt;{?subject ?property &lt;http://dbpedia.org/resource/Paul_Ranson&gt;.
}}
select distinct ?subject ?property 
where 
 { GRAPH &lt;http://dbpedia.org&gt;{?subject ?property &lt;http://dbpedia.org/resource/Pierre_Dumont_(painter)&gt;.
}}
select distinct ?subject ?property 
where 
 { GRAPH &lt;http://dbpedia.org&gt;{?subject ?property &lt;http://dbpedia.org/resource/Pierre_Duval_(geographer)&gt;.
}}
select distinct ?subject ?property 
where 
 { GRAPH &lt;http://dbpedia.org&gt;{?subject ?property &lt;http://dbpedia.org/resource/Pierre_Louis_Dumesnil&gt;.
}}
select distinct ?subject ?property 
where 
 { GRAPH &lt;http://dbpedia.org&gt;{?subject ?property &lt;http://dbpedia.org/resource/Prosper_Jolyot_de_Crébillon&gt;.
}}
select distinct ?subject ?property 
where 
 { GRAPH &lt;http://dbpedia.org&gt;{?subject ?property &lt;http://dbpedia.org/resource/Raymond_Asso&gt;.
}}
select distinct ?subject ?property 
where 
 { GRAPH &lt;http://dbpedia.org&gt;{?subject ?property &lt;http://dbpedia.org/resource/Raymond_Rognoni&gt;.
}}
select distinct ?subject ?property 
where 
 { GRAPH &lt;http://dbpedia.org&gt;{?subject ?property &lt;http://dbpedia.org/resource/René_Couzinet&gt;.
}}
select distinct ?subject ?property 
where 
 { GRAPH &lt;http://dbpedia.org&gt;{?subject ?property &lt;http://dbpedia.org/resource/René_Féret&gt;.
}}
select distinct ?subject ?property 
where 
 { GRAPH &lt;http://dbpedia.org&gt;{?subject ?property &lt;http://dbpedia.org/resource/Robert_Bonfils_(French_designer)&gt;.
}}
select distinct ?subject ?property 
where 
 { GRAPH &lt;http://dbpedia.org&gt;{?subject ?property &lt;http://dbpedia.org/resource/Théodore_Tronchin&gt;.
}}
select distinct ?subject ?property 
where 
 { GRAPH &lt;http://dbpedia.org&gt;{?subject ?property &lt;http://dbpedia.org/resource/Théophile_de_Viau&gt;.
}}
select distinct ?subject ?property 
where 
 { GRAPH &lt;http://dbpedia.org&gt;{?subject ?property &lt;http://dbpedia.org/resource/Victor_Baltard&gt;.
}}
select distinct ?subject ?property 
where 
 { GRAPH &lt;http://dbpedia.org&gt;{?subject ?property &lt;http://dbpedia.org/resource/Victor_Scipion_Charles_Auguste_de_La_Garde_de_Chambonas&gt;.
}}
select distinct ?subject ?property 
where 
 { GRAPH &lt;http://dbpedia.org&gt;{?subject ?property &lt;http://dbpedia.org/resource/Victor_Séjour&gt;.
}}
select distinct ?subject ?property 
where 
 { GRAPH &lt;http://dbpedia.org&gt;{?subject ?property &lt;http://dbpedia.org/resource/Vitaly_Halberstadt&gt;.
}}
select distinct ?subject ?property 
where 
 { GRAPH &lt;http://dbpedia.org&gt;{?subject ?property &lt;http://dbpedia.org/resource/Wayne_Andrews_(historian)&gt;.
}}
select distinct ?subject ?property 
where 
 { GRAPH &lt;http://dbpedia.org&gt;{?subject ?property &lt;http://dbpedia.org/resource/Zinovy_Peshkov&gt;.
}}
select distinct ?subject ?property 
where 
 { GRAPH &lt;http://dbpedia.org&gt;{?subject ?property &lt;http://dbpedia.org/resource/?lie_Wollman&gt;.
}}
select distinct ?subject ?property 
where 
 { GRAPH &lt;http://dbpedia.org&gt;{?subject ?property &lt;http://dbpedia.org/resource/Albert,_4th_duc_de_Broglie&gt;.
}}
select distinct ?subject ?property 
where 
 { GRAPH &lt;http://dbpedia.org&gt;{?subject ?property &lt;http://dbpedia.org/resource/Anne-Louis_Girodet_de_Roussy-Trioson&gt;.
}}
select distinct ?subject ?property 
where 
 { GRAPH &lt;http://dbpedia.org&gt;{?subject ?property &lt;http://dbpedia.org/resource/Augustin_Pajou&gt;.
}}
select distinct ?subject ?property 
where 
 { GRAPH &lt;http://dbpedia.org&gt;{?subject ?property &lt;http://dbpedia.org/resource/Charles_Gaudichaud-Beaupré&gt;.
}}
select distinct ?subject ?property 
where 
 { GRAPH &lt;http://dbpedia.org&gt;{?subject ?property &lt;http://dbpedia.org/resource/Charles_Tristan,_marquis_de_Montholon&gt;.
}}
select distinct ?subject ?property 
where 
 { GRAPH &lt;http://dbpedia.org&gt;{?subject ?property &lt;http://dbpedia.org/resource/Christophe_de_Beaumont&gt;.
}}
select distinct ?subject ?property 
where 
 { GRAPH &lt;http://dbpedia.org&gt;{?subject ?property &lt;http://dbpedia.org/resource/Claude_Cheysson&gt;.
}}
select distinct ?subject ?property 
where 
 { GRAPH &lt;http://dbpedia.org&gt;{?subject ?property &lt;http://dbpedia.org/resource/Cyprian_Norwid&gt;.
}}
select distinct ?subject ?property 
where 
 { GRAPH &lt;http://dbpedia.org&gt;{?subject ?property &lt;http://dbpedia.org/resource/Frank_Ténot&gt;.
}}
select distinct ?subject ?property 
where 
 { GRAPH &lt;http://dbpedia.org&gt;{?subject ?property &lt;http://dbpedia.org/resource/François_Ponsard&gt;.
}}
select distinct ?subject ?property 
where 
 { GRAPH &lt;http://dbpedia.org&gt;{?subject ?property &lt;http://dbpedia.org/resource/François_le_Métel_de_Boisrobert&gt;.
}}
select distinct ?subject ?property 
where 
 { GRAPH &lt;http://dbpedia.org&gt;{?subject ?property &lt;http://dbpedia.org/resource/Félix_?douard_Guérin-Méneville&gt;.
}}
select distinct ?subject ?property 
where 
 { GRAPH &lt;http://dbpedia.org&gt;{?subject ?property &lt;http://dbpedia.org/resource/Gaspard_Gourgaud&gt;.
}}
select distinct ?subject ?property 
where 
 { GRAPH &lt;http://dbpedia.org&gt;{?subject ?property &lt;http://dbpedia.org/resource/Gaëtan_de_Rochebouët&gt;.
}}
select distinct ?subject ?property 
where 
 { GRAPH &lt;http://dbpedia.org&gt;{?subject ?property &lt;http://dbpedia.org/resource/Georges_Bonnet&gt;.
}}
select distinct ?subject ?property 
where 
 { GRAPH &lt;http://dbpedia.org&gt;{?subject ?property &lt;http://dbpedia.org/resource/Gilbert,_Duke_of_Burgundy&gt;.
}}
select distinct ?subject ?property 
where 
 { GRAPH &lt;http://dbpedia.org&gt;{?subject ?property &lt;http://dbpedia.org/resource/Grandizo_Munis&gt;.
}}
select distinct ?subject ?property 
where 
 { GRAPH &lt;http://dbpedia.org&gt;{?subject ?property &lt;http://dbpedia.org/resource/Guillaume_Bigourdan&gt;.
}}
select distinct ?subject ?property 
where 
 { GRAPH &lt;http://dbpedia.org&gt;{?subject ?property &lt;http://dbpedia.org/resource/Henri-Cardin-Jean-Baptiste_d&apos;Aguesseau&gt;.
}}
select distinct ?subject ?property 
where 
 { GRAPH &lt;http://dbpedia.org&gt;{?subject ?property &lt;http://dbpedia.org/resource/Henri_François_d&apos;Aguesseau&gt;.
}}
select distinct ?subject ?property 
where 
 { GRAPH &lt;http://dbpedia.org&gt;{?subject ?property &lt;http://dbpedia.org/resource/Henri_Meilhac&gt;.
}}
select distinct ?subject ?property 
where 
 { GRAPH &lt;http://dbpedia.org&gt;{?subject ?property &lt;http://dbpedia.org/resource/Henri_Queuille&gt;.
}}
select distinct ?subject ?property 
where 
 { GRAPH &lt;http://dbpedia.org&gt;{?subject ?property &lt;http://dbpedia.org/resource/J.-H._Rosny_aîné&gt;.
}}
select distinct ?subject ?property 
where 
 { GRAPH &lt;http://dbpedia.org&gt;{?subject ?property &lt;http://dbpedia.org/resource/Jacques_Arcadelt&gt;.
}}
select distinct ?subject ?property 
where 
 { GRAPH &lt;http://dbpedia.org&gt;{?subject ?property &lt;http://dbpedia.org/resource/Jean-Christophe_Yoccoz&gt;.
}}
select distinct ?subject ?property 
where 
 { GRAPH &lt;http://dbpedia.org&gt;{?subject ?property &lt;http://dbpedia.org/resource/Jean-Guillaume,_baron_Hyde_de_Neuville&gt;.
}}
select distinct ?subject ?property 
where 
 { GRAPH &lt;http://dbpedia.org&gt;{?subject ?property &lt;http://dbpedia.org/resource/Jean_Richepin&gt;.
}}
select distinct ?subject ?property 
where 
 { GRAPH &lt;http://dbpedia.org&gt;{?subject ?property &lt;http://dbpedia.org/resource/Jean_du_Vergier_de_Hauranne&gt;.
}}
select distinct ?subject ?property 
where 
 { GRAPH &lt;http://dbpedia.org&gt;{?subject ?property &lt;http://dbpedia.org/resource/John_Lemoinne&gt;.
}}
select distinct ?subject ?property 
where 
 { GRAPH &lt;http://dbpedia.org&gt;{?subject ?property &lt;http://dbpedia.org/resource/Jules_Sandeau&gt;.
}}
select distinct ?subject ?property 
where 
 { GRAPH &lt;http://dbpedia.org&gt;{?subject ?property &lt;http://dbpedia.org/resource/Juliette_Récamier&gt;.
}}
select distinct ?subject ?property 
where 
 { GRAPH &lt;http://dbpedia.org&gt;{?subject ?property &lt;http://dbpedia.org/resource/Louis-Georges_de_Bréquigny&gt;.
}}
select distinct ?subject ?property 
where 
 { GRAPH &lt;http://dbpedia.org&gt;{?subject ?property &lt;http://dbpedia.org/resource/Louis_Jules_Mancini_Mazarini&gt;.
}}
select distinct ?subject ?property 
where 
 { GRAPH &lt;http://dbpedia.org&gt;{?subject ?property &lt;http://dbpedia.org/resource/Louis_Marie_de_La_Révellière-Lépeaux&gt;.
}}
select distinct ?subject ?property 
where 
 { GRAPH &lt;http://dbpedia.org&gt;{?subject ?property &lt;http://dbpedia.org/resource/Louise_d&apos;?pinay&gt;.
}}
select distinct ?subject ?property 
where 
 { GRAPH &lt;http://dbpedia.org&gt;{?subject ?property &lt;http://dbpedia.org/resource/Louise_de_Kérouaille,_Duchess_of_Portsmouth&gt;.
}}
select distinct ?subject ?property 
where 
 { GRAPH &lt;http://dbpedia.org&gt;{?subject ?property &lt;http://dbpedia.org/resource/Léon_Say&gt;.
}}
select distinct ?subject ?property 
where 
 { GRAPH &lt;http://dbpedia.org&gt;{?subject ?property &lt;http://dbpedia.org/resource/Marie_Firmin_Bocourt&gt;.
}}
select distinct ?subject ?property 
where 
 { GRAPH &lt;http://dbpedia.org&gt;{?subject ?property &lt;http://dbpedia.org/resource/Marin_le_Roy_de_Gomberville&gt;.
}}
select distinct ?subject ?property 
where 
 { GRAPH &lt;http://dbpedia.org&gt;{?subject ?property &lt;http://dbpedia.org/resource/Michel-Jean_Sedaine&gt;.
}}
select distinct ?subject ?property 
where 
 { GRAPH &lt;http://dbpedia.org&gt;{?subject ?property &lt;http://dbpedia.org/resource/Paul_Pelliot&gt;.
}}
select distinct ?subject ?property 
where 
 { GRAPH &lt;http://dbpedia.org&gt;{?subject ?property &lt;http://dbpedia.org/resource/Peter_Lombard&gt;.
}}
select distinct ?subject ?property 
where 
 { GRAPH &lt;http://dbpedia.org&gt;{?subject ?property &lt;http://dbpedia.org/resource/Philippe_Massoni&gt;.
}}
select distinct ?subject ?property 
where 
 { GRAPH &lt;http://dbpedia.org&gt;{?subject ?property &lt;http://dbpedia.org/resource/Pierre_Bérégovoy&gt;.
}}
select distinct ?subject ?property 
where 
 { GRAPH &lt;http://dbpedia.org&gt;{?subject ?property &lt;http://dbpedia.org/resource/Pierre_Mauroy&gt;.
}}
select distinct ?subject ?property 
where 
 { GRAPH &lt;http://dbpedia.org&gt;{?subject ?property &lt;http://dbpedia.org/resource/Pierre_Plantard&gt;.
}}
select distinct ?subject ?property 
where 
 { GRAPH &lt;http://dbpedia.org&gt;{?subject ?property &lt;http://dbpedia.org/resource/Raymond_Barre&gt;.
}}
select distinct ?subject ?property 
where 
 { GRAPH &lt;http://dbpedia.org&gt;{?subject ?property &lt;http://dbpedia.org/resource/René_Barjavel&gt;.
}}
select distinct ?subject ?property 
where 
 { GRAPH &lt;http://dbpedia.org&gt;{?subject ?property &lt;http://dbpedia.org/resource/René_Caillié&gt;.
}}
select distinct ?subject ?property 
where 
 { GRAPH &lt;http://dbpedia.org&gt;{?subject ?property &lt;http://dbpedia.org/resource/René_Doumic&gt;.
}}
select distinct ?subject ?property 
where 
 { GRAPH &lt;http://dbpedia.org&gt;{?subject ?property &lt;http://dbpedia.org/resource/René_Mayer&gt;.
}}
select distinct ?subject ?property 
where 
 { GRAPH &lt;http://dbpedia.org&gt;{?subject ?property &lt;http://dbpedia.org/resource/Stanislas_de_Boufflers&gt;.
}}
select distinct ?subject ?property 
where 
 { GRAPH &lt;http://dbpedia.org&gt;{?subject ?property &lt;http://dbpedia.org/resource/Xavier_Saint-Macary&gt;.
}}
select distinct ?subject ?property 
where 
 { GRAPH &lt;http://dbpedia.org&gt;{?subject ?property &lt;http://dbpedia.org/resource/Xavier_de_Roux&gt;.
}}
select distinct ?subject ?property 
where 
 { GRAPH &lt;http://dbpedia.org&gt;{?subject ?property &lt;http://dbpedia.org/resource/Albert_Palle&gt;.
}}
select distinct ?subject ?property 
where 
 { GRAPH &lt;http://dbpedia.org&gt;{?subject ?property &lt;http://dbpedia.org/resource/Charles_Braibant&gt;.
}}
select distinct ?subject ?property 
where 
 { GRAPH &lt;http://dbpedia.org&gt;{?subject ?property &lt;http://dbpedia.org/resource/Christopher_Frank&gt;.
}}
select distinct ?subject ?property 
where 
 { GRAPH &lt;http://dbpedia.org&gt;{?subject ?property &lt;http://dbpedia.org/resource/Jean-Marc_Roberts&gt;.
}}
select distinct ?subject ?property 
where 
 { GRAPH &lt;http://dbpedia.org&gt;{?subject ?property &lt;http://dbpedia.org/resource/Jean_Freustié&gt;.
}}
select distinct ?subject ?property 
where 
 { GRAPH &lt;http://dbpedia.org&gt;{?subject ?property &lt;http://dbpedia.org/resource/Pierre_Jean_Launay&gt;.
}}
select distinct ?subject ?property 
where 
 { GRAPH &lt;http://dbpedia.org&gt;{?subject ?property &lt;http://dbpedia.org/resource/Roger_Bordier&gt;.
}}
select distinct ?subject ?property 
where 
 { GRAPH &lt;http://dbpedia.org&gt;{?subject ?property &lt;http://dbpedia.org/resource/Abdelghani_Bousta&gt;.
}}
select distinct ?subject ?property 
where 
 { GRAPH &lt;http://dbpedia.org&gt;{?subject ?property &lt;http://dbpedia.org/resource/André_Dhôtel&gt;.
}}
select distinct ?subject ?property 
where 
 { GRAPH &lt;http://dbpedia.org&gt;{?subject ?property &lt;http://dbpedia.org/resource/Ayn-al-Hayat_Rifaat&gt;.
}}
select distinct ?subject ?property 
where 
 { GRAPH &lt;http://dbpedia.org&gt;{?subject ?property &lt;http://dbpedia.org/resource/Charb&gt;.
}}
select distinct ?subject ?property 
where 
 { GRAPH &lt;http://dbpedia.org&gt;{?subject ?property &lt;http://dbpedia.org/resource/Claude_Faraggi&gt;.
}}
select distinct ?subject ?property 
where 
 { GRAPH &lt;http://dbpedia.org&gt;{?subject ?property &lt;http://dbpedia.org/resource/Dominique_Rolin&gt;.
}}
select distinct ?subject ?property 
where 
 { GRAPH &lt;http://dbpedia.org&gt;{?subject ?property &lt;http://dbpedia.org/resource/Jean-Baptiste_Marie_Pierre&gt;.
}}
select distinct ?subject ?property 
where 
 { GRAPH &lt;http://dbpedia.org&gt;{?subject ?property &lt;http://dbpedia.org/resource/Jean-Victor_Schnetz&gt;.
}}
select distinct ?subject ?property 
where 
 { GRAPH &lt;http://dbpedia.org&gt;{?subject ?property &lt;http://dbpedia.org/resource/Jean_de_La_Varende&gt;.
}}
select distinct ?subject ?property 
where 
 { GRAPH &lt;http://dbpedia.org&gt;{?subject ?property &lt;http://dbpedia.org/resource/Marie-Gabrielle_Capet&gt;.
}}
select distinct ?subject ?property 
where 
 { GRAPH &lt;http://dbpedia.org&gt;{?subject ?property &lt;http://dbpedia.org/resource/Moses_Hess&gt;.
}}
select distinct ?subject ?property 
where 
 { GRAPH &lt;http://dbpedia.org&gt;{?subject ?property &lt;http://dbpedia.org/resource/Noura&gt;.
}}
select distinct ?subject ?property 
where 
 { GRAPH &lt;http://dbpedia.org&gt;{?subject ?property &lt;http://dbpedia.org/resource/Paul_Lebeau&gt;.
}}
select distinct ?subject ?property 
where 
 { GRAPH &lt;http://dbpedia.org&gt;{?subject ?property &lt;http://dbpedia.org/resource/Princess_Françoise_of_Orléans_(1902–1953)&gt;.
}}
select distinct ?subject ?property 
where 
 { GRAPH &lt;http://dbpedia.org&gt;{?subject ?property &lt;http://dbpedia.org/resource/René_R._Khawam&gt;.
}}
select distinct ?subject ?property 
where 
 { GRAPH &lt;http://dbpedia.org&gt;{?subject ?property &lt;http://dbpedia.org/resource/Tignous&gt;.
}}
select distinct ?subject ?property 
where 
 { GRAPH &lt;http://dbpedia.org&gt;{?subject ?property &lt;http://dbpedia.org/resource/Zinaida_Serebriakova&gt;.
}}
select distinct ?subject ?property 
where 
 { GRAPH &lt;http://dbpedia.org&gt;{?subject ?property &lt;http://dbpedia.org/resource/Cornelius_Castoriadis&gt;.
}}
select distinct ?subject ?property 
where 
 { GRAPH &lt;http://dbpedia.org&gt;{?subject ?property &lt;http://dbpedia.org/resource/Ferdinand_Dutert&gt;.
}}
select distinct ?subject ?property 
where 
 { GRAPH &lt;http://dbpedia.org&gt;{?subject ?property &lt;http://dbpedia.org/resource/Jean_Gallon&gt;.
}}
select distinct ?subject ?property 
where 
 { GRAPH &lt;http://dbpedia.org&gt;{?subject ?property &lt;http://dbpedia.org/resource/Philippe_Louis_de_Noailles&gt;.
}}
select distinct ?subject ?property 
where 
 { GRAPH &lt;http://dbpedia.org&gt;{?subject ?property &lt;http://dbpedia.org/resource/Claude_Aubriet&gt;.
}}
select distinct ?subject ?property 
where 
 { GRAPH &lt;http://dbpedia.org&gt;{?subject ?property &lt;http://dbpedia.org/resource/Edmond_Faral&gt;.
}}
select distinct ?subject ?property 
where 
 { GRAPH &lt;http://dbpedia.org&gt;{?subject ?property &lt;http://dbpedia.org/resource/Félix-Jacques_Moulin&gt;.
}}
select distinct ?subject ?property 
where 
 { GRAPH &lt;http://dbpedia.org&gt;{?subject ?property &lt;http://dbpedia.org/resource/Henri_Claude&gt;.
}}
select distinct ?subject ?property 
where 
 { GRAPH &lt;http://dbpedia.org&gt;{?subject ?property &lt;http://dbpedia.org/resource/Henri_Torrès&gt;.
}}
select distinct ?subject ?property 
where 
 { GRAPH &lt;http://dbpedia.org&gt;{?subject ?property &lt;http://dbpedia.org/resource/Henry_Eccles&gt;.
}}
select distinct ?subject ?property 
where 
 { GRAPH &lt;http://dbpedia.org&gt;{?subject ?property &lt;http://dbpedia.org/resource/Ida_Mett&gt;.
}}
select distinct ?subject ?property 
where 
 { GRAPH &lt;http://dbpedia.org&gt;{?subject ?property &lt;http://dbpedia.org/resource/Joseph_Récamier&gt;.
}}
select distinct ?subject ?property 
where 
 { GRAPH &lt;http://dbpedia.org&gt;{?subject ?property &lt;http://dbpedia.org/resource/Paul_Le_Jeune&gt;.
}}
select distinct ?subject ?property 
where 
 { GRAPH &lt;http://dbpedia.org&gt;{?subject ?property &lt;http://dbpedia.org/resource/Pyotr_Suvchinsky&gt;.
}}
select distinct ?subject ?property 
where 
 { GRAPH &lt;http://dbpedia.org&gt;{?subject ?property &lt;http://dbpedia.org/resource/Rozalia_Lubomirska&gt;.
}}
select distinct ?subject ?property 
where 
 { GRAPH &lt;http://dbpedia.org&gt;{?subject ?property &lt;http://dbpedia.org/resource/Spyridon_Vasileiadis&gt;.
}}
select distinct ?subject ?property 
where 
 { GRAPH &lt;http://dbpedia.org&gt;{?subject ?property &lt;http://dbpedia.org/resource/Théophile_Thoré-Bürger&gt;.
}}
select distinct ?subject ?property 
where 
 { GRAPH &lt;http://dbpedia.org&gt;{?subject ?property &lt;http://dbpedia.org/resource/Aimé_Millet&gt;.
}}
select distinct ?subject ?property 
where 
 { GRAPH &lt;http://dbpedia.org&gt;{?subject ?property &lt;http://dbpedia.org/resource/Albert_Roccardi&gt;.
}}
select distinct ?subject ?property 
where 
 { GRAPH &lt;http://dbpedia.org&gt;{?subject ?property &lt;http://dbpedia.org/resource/Alfred-Amédée_Dodds&gt;.
}}
select distinct ?subject ?property 
where 
 { GRAPH &lt;http://dbpedia.org&gt;{?subject ?property &lt;http://dbpedia.org/resource/Alfred_Dehodencq&gt;.
}}
select distinct ?subject ?property 
where 
 { GRAPH &lt;http://dbpedia.org&gt;{?subject ?property &lt;http://dbpedia.org/resource/Ambroise_Louis_Garneray&gt;.
}}
select distinct ?subject ?property 
where 
 { GRAPH &lt;http://dbpedia.org&gt;{?subject ?property &lt;http://dbpedia.org/resource/Anatoly_Nikolaievich_Demidov,_1st_Prince_of_San_Donato&gt;.
}}
select distinct ?subject ?property 
where 
 { GRAPH &lt;http://dbpedia.org&gt;{?subject ?property &lt;http://dbpedia.org/resource/Bénigne_Dauvergne_de_Saint-Mars&gt;.
}}
select distinct ?subject ?property 
where 
 { GRAPH &lt;http://dbpedia.org&gt;{?subject ?property &lt;http://dbpedia.org/resource/Camille-Marie_Stamaty&gt;.
}}
select distinct ?subject ?property 
where 
 { GRAPH &lt;http://dbpedia.org&gt;{?subject ?property &lt;http://dbpedia.org/resource/Charles-François-Prosper_Guérin&gt;.
}}
select distinct ?subject ?property 
where 
 { GRAPH &lt;http://dbpedia.org&gt;{?subject ?property &lt;http://dbpedia.org/resource/Charles-Nicolas-Sigisbert_Sonnini_de_Manoncourt&gt;.
}}
select distinct ?subject ?property 
where 
 { GRAPH &lt;http://dbpedia.org&gt;{?subject ?property &lt;http://dbpedia.org/resource/Charles-Simon_Catel&gt;.
}}
select distinct ?subject ?property 
where 
 { GRAPH &lt;http://dbpedia.org&gt;{?subject ?property &lt;http://dbpedia.org/resource/Eugène-Melchior_Péligot&gt;.
}}
select distinct ?subject ?property 
where 
 { GRAPH &lt;http://dbpedia.org&gt;{?subject ?property &lt;http://dbpedia.org/resource/Frederick_III,_Prince_of_Salm-Kyrburg&gt;.
}}
[...]
}}
select distinct ?subject ?property 
where 
 { GRAPH &lt;http://dbpedia.org&gt;{?subject ?property &lt;http://dbpedia.org/resource/Jean_de_Chelles&gt;.
}}
select distinct ?subject ?property 
where 
 { GRAPH &lt;http://dbpedia.org&gt;{?subject ?property &lt;http://dbpedia.org/resource/Jeanne_Hatto&gt;.
}}
select distinct ?subject ?property 
where 
 { GRAPH &lt;http://dbpedia.org&gt;{?subject ?property &lt;http://dbpedia.org/resource/Joseph_Hansen_(dancer)&gt;.
}}
select distinct ?subject ?property 
where 
 { GRAPH &lt;http://dbpedia.org&gt;{?subject ?property &lt;http://dbpedia.org/resource/Juan_Montalvo&gt;.
}}
select distinct ?subject ?property 
where 
 { GRAPH &lt;http://dbpedia.org&gt;{?subject ?property &lt;http://dbpedia.org/resource/Juana_Romani&gt;.
}}
select distinct ?subject ?property 
where 
 { GRAPH &lt;http://dbpedia.org&gt;{?subject ?property &lt;http://dbpedia.org/resource/Konstantin_Balmont&gt;.
}}
select distinct ?subject ?property 
where 
 { GRAPH &lt;http://dbpedia.org&gt;{?subject ?property &lt;http://dbpedia.org/resource/Leonor_Fini&gt;.
}}
select distinct ?subject ?property 
where 
 { GRAPH &lt;http://dbpedia.org&gt;{?subject ?property &lt;http://dbpedia.org/resource/Louis_Duport&gt;.
}}
select distinct ?subject ?property 
where 
 { GRAPH &lt;http://dbpedia.org&gt;{?subject ?property &lt;http://dbpedia.org/resource/Louis_Edmond_Duranty&gt;.
}}
select distinct ?subject ?property 
where 
 { GRAPH &lt;http://dbpedia.org&gt;{?subject ?property &lt;http://dbpedia.org/resource/Louis_Joseph_César_Ducornet&gt;.
}}
select distinct ?subject ?property 
where 
 { GRAPH &lt;http://dbpedia.org&gt;{?subject ?property &lt;http://dbpedia.org/resource/Louis_de_Sacy&gt;.
}}
select distinct ?subject ?property 
where 
 { GRAPH &lt;http://dbpedia.org&gt;{?subject ?property &lt;http://dbpedia.org/resource/Luca_Penni&gt;.
}}
select distinct ?subject ?property 
where 
 { GRAPH &lt;http://dbpedia.org&gt;{?subject ?property &lt;http://dbpedia.org/resource/Ludwig_Kalisch&gt;.
}}
select distinct ?subject ?property 
where 
 { GRAPH &lt;http://dbpedia.org&gt;{?subject ?property &lt;http://dbpedia.org/resource/Léon_Carvalho&gt;.
}}
select distinct ?subject ?property 
where 
 { GRAPH &lt;http://dbpedia.org&gt;{?subject ?property &lt;http://dbpedia.org/resource/Marcel-Paul_Schützenberger&gt;.
}}
select distinct ?subject ?property 
where 
 { GRAPH &lt;http://dbpedia.org&gt;{?subject ?property &lt;http://dbpedia.org/resource/Marcel_Bitsch&gt;.
}}
select distinct ?subject ?property 
where 
 { GRAPH &lt;http://dbpedia.org&gt;{?subject ?property &lt;http://dbpedia.org/resource/Marcel_Landowski&gt;.
}}
select distinct ?subject ?property 
where 
 { GRAPH &lt;http://dbpedia.org&gt;{?subject ?property &lt;http://dbpedia.org/resource/Marie-Dominique_Chenu&gt;.
}}
select distinct ?subject ?property 
where 
 { GRAPH &lt;http://dbpedia.org&gt;{?subject ?property &lt;http://dbpedia.org/resource/Marie_Fel&gt;.
}}
select distinct ?subject ?property 
where 
 { GRAPH &lt;http://dbpedia.org&gt;{?subject ?property &lt;http://dbpedia.org/resource/Martin_Carlin&gt;.
}}
select distinct ?subject ?property 
where 
 { GRAPH &lt;http://dbpedia.org&gt;{?subject ?property &lt;http://dbpedia.org/resource/Maryse_Choisy&gt;.
}}
select distinct ?subject ?property 
where 
 { GRAPH &lt;http://dbpedia.org&gt;{?subject ?property &lt;http://dbpedia.org/resource/Maurice_Gamelin&gt;.
}}
select distinct ?subject ?property 
where 
 { GRAPH &lt;http://dbpedia.org&gt;{?subject ?property &lt;http://dbpedia.org/resource/Max_Linder&gt;.
}}
select distinct ?subject ?property 
where 
 { GRAPH &lt;http://dbpedia.org&gt;{?subject ?property &lt;http://dbpedia.org/resource/Mickey_Finn_(guitarist)&gt;.
}}
select distinct ?subject ?property 
where 
 { GRAPH &lt;http://dbpedia.org&gt;{?subject ?property &lt;http://dbpedia.org/resource/Monique_Mélinand&gt;.
}}
select distinct ?subject ?property 
where 
 { GRAPH &lt;http://dbpedia.org&gt;{?subject ?property &lt;http://dbpedia.org/resource/Monique_Papon&gt;.
}}
select distinct ?subject ?property 
where 
 { GRAPH &lt;http://dbpedia.org&gt;{?subject ?property &lt;http://dbpedia.org/resource/Niccol?_Piccinni&gt;.
}}
select distinct ?subject ?property 
where 
 { GRAPH &lt;http://dbpedia.org&gt;{?subject ?property &lt;http://dbpedia.org/resource/Nicholas_of_Lyra&gt;.
}}
select distinct ?subject ?property 
where 
 { GRAPH &lt;http://dbpedia.org&gt;{?subject ?property &lt;http://dbpedia.org/resource/Nicolas_Bernier&gt;.
}}
select distinct ?subject ?property 
where 
 { GRAPH &lt;http://dbpedia.org&gt;{?subject ?property &lt;http://dbpedia.org/resource/Nicolas_Coustou&gt;.
}}
select distinct ?subject ?property 
where 
 { GRAPH &lt;http://dbpedia.org&gt;{?subject ?property &lt;http://dbpedia.org/resource/Nicolas_Fouché&gt;.
}}
select distinct ?subject ?property 
where 
 { GRAPH &lt;http://dbpedia.org&gt;{?subject ?property &lt;http://dbpedia.org/resource/Noël_Coypel&gt;.
}}
select distinct ?subject ?property 
where 
 { GRAPH &lt;http://dbpedia.org&gt;{?subject ?property &lt;http://dbpedia.org/resource/Octave_Tassaert&gt;.
}}
select distinct ?subject ?property 
where 
 { GRAPH &lt;http://dbpedia.org&gt;{?subject ?property &lt;http://dbpedia.org/resource/Olivier_Greif&gt;.
}}
select distinct ?subject ?property 
where 
 { GRAPH &lt;http://dbpedia.org&gt;{?subject ?property &lt;http://dbpedia.org/resource/Paul_Joseph_Barthez&gt;.
}}
select distinct ?subject ?property 
where 
 { GRAPH &lt;http://dbpedia.org&gt;{?subject ?property &lt;http://dbpedia.org/resource/Paul_Vidal&gt;.
}}
select distinct ?subject ?property 
where 
 { GRAPH &lt;http://dbpedia.org&gt;{?subject ?property &lt;http://dbpedia.org/resource/Paule_Maurice&gt;.
}}
select distinct ?subject ?property 
where 
 { GRAPH &lt;http://dbpedia.org&gt;{?subject ?property &lt;http://dbpedia.org/resource/Paulus_Aemilius_Veronensis&gt;.
}}
select distinct ?subject ?property 
where 
 { GRAPH &lt;http://dbpedia.org&gt;{?subject ?property &lt;http://dbpedia.org/resource/Peter_Berngardovich_Struve&gt;.
}}
select distinct ?subject ?property 
where 
 { GRAPH &lt;http://dbpedia.org&gt;{?subject ?property &lt;http://dbpedia.org/resource/Peter_Ryan_(racing_driver)&gt;.
}}
select distinct ?subject ?property 
where 
 { GRAPH &lt;http://dbpedia.org&gt;{?subject ?property &lt;http://dbpedia.org/resource/Philip_the_Chancellor&gt;.
}}
select distinct ?subject ?property 
where 
 { GRAPH &lt;http://dbpedia.org&gt;{?subject ?property &lt;http://dbpedia.org/resource/Philippe_Henriot&gt;.
}}
select distinct ?subject ?property 
where 
 { GRAPH &lt;http://dbpedia.org&gt;{?subject ?property &lt;http://dbpedia.org/resource/Pierre_Bertin_(actor)&gt;.
}}
select distinct ?subject ?property 
where 
 { GRAPH &lt;http://dbpedia.org&gt;{?subject ?property &lt;http://dbpedia.org/resource/Pierre_Ducornet&gt;.
}}
select distinct ?subject ?property 
where 
 { GRAPH &lt;http://dbpedia.org&gt;{?subject ?property &lt;http://dbpedia.org/resource/Pierre_Klossowski&gt;.
}}
select distinct ?subject ?property 
where 
 { GRAPH &lt;http://dbpedia.org&gt;{?subject ?property &lt;http://dbpedia.org/resource/Pol_Plançon&gt;.
}}
select distinct ?subject ?property 
where 
 { GRAPH &lt;http://dbpedia.org&gt;{?subject ?property &lt;http://dbpedia.org/resource/Prince_Zeid_bin_Hussein&gt;.
}}
select distinct ?subject ?property 
where 
 { GRAPH &lt;http://dbpedia.org&gt;{?subject ?property &lt;http://dbpedia.org/resource/Raoul_Pictet&gt;.
}}
select distinct ?subject ?property 
where 
 { GRAPH &lt;http://dbpedia.org&gt;{?subject ?property &lt;http://dbpedia.org/resource/Raoul_Salan&gt;.
}}
select distinct ?subject ?property 
where 
 { GRAPH &lt;http://dbpedia.org&gt;{?subject ?property &lt;http://dbpedia.org/resource/René_Pleven&gt;.
}}
select distinct ?subject ?property 
where 
 { GRAPH &lt;http://dbpedia.org&gt;{?subject ?property &lt;http://dbpedia.org/resource/René_Schützenberger&gt;.
}}
select distinct ?subject ?property 
where 
 { GRAPH &lt;http://dbpedia.org&gt;{?subject ?property &lt;http://dbpedia.org/resource/Renée_Vivien&gt;.
}}
select distinct ?subject ?property 
where 
 { GRAPH &lt;http://dbpedia.org&gt;{?subject ?property &lt;http://dbpedia.org/resource/Serge_Poliakoff&gt;.
}}
select distinct ?subject ?property 
where 
 { GRAPH &lt;http://dbpedia.org&gt;{?subject ?property &lt;http://dbpedia.org/resource/Sonia_Rykiel&gt;.
}}
select distinct ?subject ?property 
where 
 { GRAPH &lt;http://dbpedia.org&gt;{?subject ?property &lt;http://dbpedia.org/resource/Théodore-Pierre_Bertin&gt;.
}}
select distinct ?subject ?property 
where 
 { GRAPH &lt;http://dbpedia.org&gt;{?subject ?property &lt;http://dbpedia.org/resource/Théophraste_Renaudot&gt;.
}}
select distinct ?subject ?property 
where 
 { GRAPH &lt;http://dbpedia.org&gt;{?subject ?property &lt;http://dbpedia.org/resource/Ustazade_Silvestre_de_Sacy&gt;.
}}
select distinct ?subject ?property 
where 
 { GRAPH &lt;http://dbpedia.org&gt;{?subject ?property &lt;http://dbpedia.org/resource/Vincent_Auriol&gt;.
}}
select distinct ?subject ?property 
where 
 { GRAPH &lt;http://dbpedia.org&gt;{?subject ?property &lt;http://dbpedia.org/resource/Vincent_Vidal&gt;.
}}
select distinct ?subject ?property 
where 
 { GRAPH &lt;http://dbpedia.org&gt;{?subject ?property &lt;http://dbpedia.org/resource/Zygmunt_Krasi?ski&gt;.
}}
select distinct ?subject ?property 
where 
 { GRAPH &lt;http://dbpedia.org&gt;{?subject ?property &lt;http://dbpedia.org/resource/?mile_Flourens&gt;.
}}
select distinct ?subject ?property 
where 
 { GRAPH &lt;http://dbpedia.org&gt;{?subject ?property &lt;http://dbpedia.org/resource/?mile_Henriot_(writer)&gt;.
}}
select distinct ?subject ?property 
where 
 { GRAPH &lt;http://dbpedia.org&gt;{?subject ?property &lt;http://dbpedia.org/resource/?tienne-Alexandre_Bernier&gt;.
}}
select distinct ?subject ?property 
where 
 { GRAPH &lt;http://dbpedia.org&gt;{?subject ?property &lt;http://dbpedia.org/resource/?tienne-Louis_Malus&gt;.
}}
select distinct ?subject ?property 
where 
 { GRAPH &lt;http://dbpedia.org&gt;{?subject ?property &lt;http://dbpedia.org/resource/?tienne_Arago&gt;.
}}
select distinct ?subject ?property 
where 
 { GRAPH &lt;http://dbpedia.org&gt;{?subject ?property &lt;http://dbpedia.org/resource/?tienne_Bal?zs&gt;.
}}
select distinct ?subject ?property 
where 
 { GRAPH &lt;http://dbpedia.org&gt;{?subject ?property &lt;http://dbpedia.org/resource/?tienne_Clavière&gt;.
}}
select distinct ?subject ?property 
where 
 { GRAPH &lt;http://dbpedia.org&gt;{?subject ?property &lt;http://dbpedia.org/resource/?tienne_Dolet&gt;.
}}
select distinct ?subject ?property 
where 
 { GRAPH &lt;http://dbpedia.org&gt;{?subject ?property &lt;http://dbpedia.org/resource/?tienne_Eustache_Bruix&gt;.
}}
select distinct ?subject ?property 
where 
 { GRAPH &lt;http://dbpedia.org&gt;{?subject ?property &lt;http://dbpedia.org/resource/?tienne_Fourmont&gt;.
}}
select distinct ?subject ?property 
where 
 { GRAPH &lt;http://dbpedia.org&gt;{?subject ?property &lt;http://dbpedia.org/resource/?tienne_Jodelle&gt;.
}}
select distinct ?subject ?property 
where 
 { GRAPH &lt;http://dbpedia.org&gt;{?subject ?property &lt;http://dbpedia.org/resource/?tienne_Lenoir_(instrument_maker)&gt;.
}}
select distinct ?subject ?property 
where 
 { GRAPH &lt;http://dbpedia.org&gt;{?subject ?property &lt;http://dbpedia.org/resource/?tienne_Loulié&gt;.
}}
select distinct ?subject ?property 
where 
 { GRAPH &lt;http://dbpedia.org&gt;{?subject ?property &lt;http://dbpedia.org/resource/?tienne_Marcel&gt;.
}}
select distinct ?subject ?property 
where 
 { GRAPH &lt;http://dbpedia.org&gt;{?subject ?property &lt;http://dbpedia.org/resource/?tienne_Maurice_Falconet&gt;.
}}
select distinct ?subject ?property 
where 
 { GRAPH &lt;http://dbpedia.org&gt;{?subject ?property &lt;http://dbpedia.org/resource/?tienne_Méhul&gt;.
}}
select distinct ?subject ?property 
where 
 { GRAPH &lt;http://dbpedia.org&gt;{?subject ?property &lt;http://dbpedia.org/resource/?tienne_Pascal&gt;.
}}
select distinct ?subject ?property 
where 
 { GRAPH &lt;http://dbpedia.org&gt;{?subject ?property &lt;http://dbpedia.org/resource/?tienne_Pasquier&gt;.
}}
select distinct ?subject ?property 
where 
 { GRAPH &lt;http://dbpedia.org&gt;{?subject ?property &lt;http://dbpedia.org/resource/?tienne_Pernet&gt;.
}}
select distinct ?subject ?property 
where 
 { GRAPH &lt;http://dbpedia.org&gt;{?subject ?property &lt;http://dbpedia.org/resource/?tienne_Pierre_Ventenat&gt;.
}}
select distinct ?subject ?property 
where 
 { GRAPH &lt;http://dbpedia.org&gt;{?subject ?property &lt;http://dbpedia.org/resource/?tienne_Tempier&gt;.
}}
select distinct ?subject ?property 
where 
 { GRAPH &lt;http://dbpedia.org&gt;{?subject ?property &lt;http://dbpedia.org/resource/?tienne_Wasserzug&gt;.
}}
select distinct ?subject ?property 
where 
 { GRAPH &lt;http://dbpedia.org&gt;{?subject ?property &lt;http://dbpedia.org/resource/?tienne_Weill-Raynal&gt;.
}}
select distinct ?subject ?property 
where 
 { GRAPH &lt;http://dbpedia.org&gt;{?subject ?property &lt;http://dbpedia.org/resource/Arthur_Gamgee&gt;.
}}
select distinct ?subject ?property 
where 
 { GRAPH &lt;http://dbpedia.org&gt;{?subject ?property &lt;http://dbpedia.org/resource/Franck_Biancheri&gt;.
}}
select distinct ?subject ?property 
where 
 { GRAPH &lt;http://dbpedia.org&gt;{?subject ?property &lt;http://dbpedia.org/resource/Mike_Zwerin&gt;.
}}
select distinct ?subject ?property 
where 
 { GRAPH &lt;http://dbpedia.org&gt;{?subject ?property &lt;http://dbpedia.org/resource/DJ_Mehdi&gt;.
}}
select distinct ?subject ?property 
where 
 { GRAPH &lt;http://dbpedia.org&gt;{?subject ?property &lt;http://dbpedia.org/resource/Francine,_Princess_of_Montenegro&gt;.
}}
select distinct ?subject ?property 
where 
 { GRAPH &lt;http://dbpedia.org&gt;{?subject ?property &lt;http://dbpedia.org/resource/Ivan_Shmelyov&gt;.
}}
select distinct ?subject ?property 
where 
 { GRAPH &lt;http://dbpedia.org&gt;{?subject ?property &lt;http://dbpedia.org/resource/Jean-François_Houbigant&gt;.
}}
select distinct ?subject ?property 
where 
 { GRAPH &lt;http://dbpedia.org&gt;{?subject ?property &lt;http://dbpedia.org/resource/Jean-Pierre_Yvaral&gt;.
}}
select distinct ?subject ?property 
where 
 { GRAPH &lt;http://dbpedia.org&gt;{?subject ?property &lt;http://dbpedia.org/resource/Marek_Szwarc&gt;.
}}
select distinct ?subject ?property 
where 
 { GRAPH &lt;http://dbpedia.org&gt;{?subject ?property &lt;http://dbpedia.org/resource/Erika_Abels_d&apos;Albert&gt;.
}}
select distinct ?subject ?property 
where 
 { GRAPH &lt;http://dbpedia.org&gt;{?subject ?property &lt;http://dbpedia.org/resource/Ervin_Marton&gt;.
}}
select distinct ?subject ?property 
where 
 { GRAPH &lt;http://dbpedia.org&gt;{?subject ?property &lt;http://dbpedia.org/resource/Francis_Muguet&gt;.
}}
select distinct ?subject ?property 
where 
 { GRAPH &lt;http://dbpedia.org&gt;{?subject ?property &lt;http://dbpedia.org/resource/Henry_Plée&gt;.
}}
select distinct ?subject ?property 
where 
 { GRAPH &lt;http://dbpedia.org&gt;{?subject ?property &lt;http://dbpedia.org/resource/Malak_Jân_Nemati&gt;.
}}
select distinct ?subject ?property 
where 
 { GRAPH &lt;http://dbpedia.org&gt;{?subject ?property &lt;http://dbpedia.org/resource/Nicolas_Eekman&gt;.
}}
select distinct ?subject ?property 
where 
 { GRAPH &lt;http://dbpedia.org&gt;{?subject ?property &lt;http://dbpedia.org/resource/Paul_Collomb&gt;.
}}
select distinct ?subject ?property 
where 
 { GRAPH &lt;http://dbpedia.org&gt;{?subject ?property &lt;http://dbpedia.org/resource/Raimundo_Correia&gt;.
}}
select distinct ?subject ?property 
where 
 { GRAPH &lt;http://dbpedia.org&gt;{?subject ?property &lt;http://dbpedia.org/resource/Reginald_Gray_(artist)&gt;.
}}
select distinct ?subject ?property 
where 
 { GRAPH &lt;http://dbpedia.org&gt;{?subject ?property &lt;http://dbpedia.org/resource/Jacqueline_Marval&gt;.
}}
select distinct ?subject ?property 
where 
 { GRAPH &lt;http://dbpedia.org&gt;{?subject ?property &lt;http://dbpedia.org/resource/Jacques_Dauphin&gt;.
}}
select distinct ?subject ?property 
where 
 { GRAPH &lt;http://dbpedia.org&gt;{?subject ?property &lt;http://dbpedia.org/resource/Jacques_Guerlain&gt;.
}}
select distinct ?subject ?property 
where 
 { GRAPH &lt;http://dbpedia.org&gt;{?subject ?property &lt;http://dbpedia.org/resource/René_Margotton&gt;.
}}
select distinct ?subject ?property 
where 
 { GRAPH &lt;http://dbpedia.org&gt;{?subject ?property &lt;http://dbpedia.org/resource/Stephen_Sauvestre&gt;.
}}
select distinct ?subject ?property 
where 
 { GRAPH &lt;http://dbpedia.org&gt;{?subject ?property &lt;http://dbpedia.org/resource/Willy_Rizzo&gt;.
}}
select distinct ?subject ?property 
where 
 { GRAPH &lt;http://dbpedia.org&gt;{?subject ?property &lt;http://dbpedia.org/resource/?ric_Charden&gt;.
}}
select distinct ?subject ?property 
where 
 { GRAPH &lt;http://dbpedia.org&gt;{?subject ?property &lt;http://dbpedia.org/resource/Louis_Marin_(philosopher)&gt;.
}}
select distinct ?subject ?property 
where 
 { GRAPH &lt;http://dbpedia.org&gt;{?subject ?property &lt;http://dbpedia.org/resource/Louis_Marin_(politician)&gt;.
}}
select distinct ?subject ?property 
where 
 { GRAPH &lt;http://dbpedia.org&gt;{?subject ?property &lt;http://dbpedia.org/resource/Simon_Laks&gt;.
}}
select distinct ?subject ?property 
where 
 { GRAPH &lt;http://dbpedia.org&gt;{?subject ?property &lt;http://dbpedia.org/resource/Abel_Decaux&gt;.
}}
select distinct ?subject ?property 
where 
 { GRAPH &lt;http://dbpedia.org&gt;{?subject ?property &lt;http://dbpedia.org/resource/Adelaide_Filleul,_Marquise_de_Souza-Botelho&gt;.
}}
select distinct ?subject ?property 
where 
 { GRAPH &lt;http://dbpedia.org&gt;{?subject ?property &lt;http://dbpedia.org/resource/Adéodat_Boissard&gt;.
}}
select distinct ?subject ?property 
where 
 { GRAPH &lt;http://dbpedia.org&gt;{?subject ?property &lt;http://dbpedia.org/resource/Alain_Decaux&gt;.
}}
select distinct ?subject ?property 
where 
 { GRAPH &lt;http://dbpedia.org&gt;{?subject ?property &lt;http://dbpedia.org/resource/Anatole_Chauffard&gt;.
}}
select distinct ?subject ?property 
where 
 { GRAPH &lt;http://dbpedia.org&gt;{?subject ?property &lt;http://dbpedia.org/resource/André_Audinet&gt;.
}}
select distinct ?subject ?property 
where 
 { GRAPH &lt;http://dbpedia.org&gt;{?subject ?property &lt;http://dbpedia.org/resource/André_Berthon&gt;.
}}
select distinct ?subject ?property 
where 
 { GRAPH &lt;http://dbpedia.org&gt;{?subject ?property &lt;http://dbpedia.org/resource/André_Clavé&gt;.
}}
select distinct ?subject ?property 
where 
 { GRAPH &lt;http://dbpedia.org&gt;{?subject ?property &lt;http://dbpedia.org/resource/André_Green_(psychoanalyst)&gt;.
}}
select distinct ?subject ?property 
where 
 { GRAPH &lt;http://dbpedia.org&gt;{?subject ?property &lt;http://dbpedia.org/resource/André_Guinier&gt;.
}}
select distinct ?subject ?property 
where 
 { GRAPH &lt;http://dbpedia.org&gt;{?subject ?property &lt;http://dbpedia.org/resource/André_Mourlon&gt;.
}}
select distinct ?subject ?property 
where 
 { GRAPH &lt;http://dbpedia.org&gt;{?subject ?property &lt;http://dbpedia.org/resource/André_Tollet&gt;.
}}
select distinct ?subject ?property 
where 
 { GRAPH &lt;http://dbpedia.org&gt;{?subject ?property &lt;http://dbpedia.org/resource/Anne-Adrien-Pierre_de_Montmorency-Laval&gt;.
}}
select distinct ?subject ?property 
where 
 { GRAPH &lt;http://dbpedia.org&gt;{?subject ?property &lt;http://dbpedia.org/resource/Anne_Marie_Martinozzi&gt;.
}}
select distinct ?subject ?property 
where 
 { GRAPH &lt;http://dbpedia.org&gt;{?subject ?property &lt;http://dbpedia.org/resource/Antoine-François_Riccoboni&gt;.
}}
select distinct ?subject ?property 
where 
 { GRAPH &lt;http://dbpedia.org&gt;{?subject ?property &lt;http://dbpedia.org/resource/Antoine_Crozat&gt;.
}}
</system-out>
  </testcase>
  <testcase classname="lds.graph.GraphManagerTest" name="constrcutRecursivellyResourceGraphTest" time="0.435"/>
</testsuite>