<?xml version="1.0" encoding="UTF-8" ?>
<testsuite tests="1" failures="1" name="lds.engine.EngineTest" time="0.14" errors="0" skipped="0">
  <properties>
[...]
</properties>
  <testcase classname="lds.engine.EngineTest" name="runEngineOnSpecificLdMeasureTest" time="0.14">
    <failure message="expected:&lt;0.2178356839742887&gt; but was:&lt;0.5&gt;" type="java.lang.AssertionError">java.lang.AssertionError: expected:&lt;0.2178356839742887&gt; but was:&lt;0.5&gt;
	at org.junit.Assert.fail(Assert.java:93)
	at org.junit.Assert.failNotEquals(Assert.java:647)
	at org.junit.Assert.assertEquals(Assert.java:443)
	at org.junit.Assert.assertEquals(Assert.java:512)
	at lds.engine.EngineTest.runEngineOnSpecificLdMeasureTest(EngineTest.java:30)
	at sun.reflect.NativeMethodAccessorImpl.invoke0(Native Method)
	at sun.reflect.NativeMethodAccessorImpl.invoke(NativeMethodAccessorImpl.java:62)
	at sun.reflect.DelegatingMethodAccessorImpl.invoke(DelegatingMethodAccessorImpl.java:43)
	at java.lang.reflect.Method.invoke(Method.java:498)
	at org.junit.runners.model.FrameworkMethod$1.runReflectiveCall(FrameworkMethod.java:45)
	at org.junit.internal.runners.model.ReflectiveCallable.run(ReflectiveCallable.java:15)
	at org.junit.runners.model.FrameworkMethod.invokeExplosively(FrameworkMethod.java:42)
	at org.junit.internal.runners.statements.InvokeMethod.evaluate(InvokeMethod.java:20)
	at org.junit.runners.ParentRunner.runLeaf(ParentRunner.java:263)
	at org.junit.runners.BlockJUnit4ClassRunner.runChild(BlockJUnit4ClassRunner.java:68)
	at org.junit.runners.BlockJUnit4ClassRunner.runChild(BlockJUnit4ClassRunner.java:47)
	at org.junit.runners.ParentRunner$3.run(ParentRunner.java:231)
	at org.junit.runners.ParentRunner$1.schedule(ParentRunner.java:60)
	at org.junit.runners.ParentRunner.runChildren(ParentRunner.java:229)
	at org.junit.runners.ParentRunner.access$000(ParentRunner.java:50)
	at org.junit.runners.ParentRunner$2.evaluate(ParentRunner.java:222)
	at org.junit.runners.ParentRunner.run(ParentRunner.java:300)
	at org.apache.maven.surefire.junit4.JUnit4Provider.execute(JUnit4Provider.java:252)
	at org.apache.maven.surefire.junit4.JUnit4Provider.executeTestSet(JUnit4Provider.java:141)
	at org.apache.maven.surefire.junit4.JUnit4Provider.invoke(JUnit4Provider.java:112)
	at sun.reflect.NativeMethodAccessorImpl.invoke0(Native Method)
	at sun.reflect.NativeMethodAccessorImpl.invoke(NativeMethodAccessorImpl.java:62)
	at sun.reflect.DelegatingMethodAccessorImpl.invoke(DelegatingMethodAccessorImpl.java:43)
	at java.lang.reflect.Method.invoke(Method.java:498)
	at org.apache.maven.surefire.util.ReflectionUtils.invokeMethodWithArray(ReflectionUtils.java:189)
	at org.apache.maven.surefire.booter.ProviderFactory$ProviderProxy.invoke(ProviderFactory.java:165)
	at org.apache.maven.surefire.booter.ProviderFactory.invokeProvider(ProviderFactory.java:85)
	at org.apache.maven.surefire.booter.ForkedBooter.runSuitesInProcess(ForkedBooter.java:115)
	at org.apache.maven.surefire.booter.ForkedBooter.main(ForkedBooter.java:75)
</failure>
    <system-out>-Vertices
	http://e/r4
	http://e/r3
	http://e/r2
	http://e/r1
-Edge
	http://e/r1 -- http://e/l1 -- http://e/r2
	http://e/r1 -- http://e/l3 -- http://e/r4
	http://e/r1 -- http://e/l2 -- http://e/r3
	http://e/r2 -- http://e/l1 -- http://e/r1
	http://e/r1 -- http://e/l2 -- http://e/r2
	http://e/r2 -- http://e/l3 -- http://e/r4
================================================================
Loading Semantic Measures Engine for graph http://e/
================================================================
Graph Info: 
http://e/
Vertices
	Total   : 4  {e.g. http://e/r4}
Edges 	  : 6


---------------------------------------------------------------
Pre-processing
---------------------------------------------------------------
Computing classes...
Computing instances...
Classes  : 0
Instances: 4
---------------------------------------------------------------
Inferences 
---------------------------------------------------------------
Inferring ancestors...
Checking Treatment coherency
Incoherencies : 0
Inferring descendants...
Checking Treatment coherency
Incoherencies : 0
Inferring Conceptual Leaves...
---------------------------------------------------------------
Engine initialized
================================================================
</system-out>
  </testcase>
</testsuite>